This is pdfTeX, Version 3.14159265-2.6-1.40.21 (MiKTeX 20.7) (preloaded format=pdflatex 2020.9.26)  5 FEB 2021 21:50
entering extended mode
**./TD_Classique_02_Iris_PDF.tex
(TD_Classique_02_Iris_PDF.tex
LaTeX2e <2020-02-02> patch level 5
L3 programming layer <2020-09-03>
("C:\Program Files\MiKTeX 2.9\tex/latex/base\article.cls"
Document Class: article 2019/12/20 v1.4l Standard LaTeX document class
("C:\Program Files\MiKTeX 2.9\tex/latex/base\fleqn.clo"
File: fleqn.clo 2016/12/29 v1.2b Standard LaTeX option (flush left equations)
\mathindent=\dimen134
Applying: [2015/01/01] Make \[ robust on input line 50.
LaTeX Info: Redefining \[ on input line 51.
Already applied: [0000/00/00] Make \[ robust on input line 62.
Applying: [2015/01/01] Make \] robust on input line 74.
LaTeX Info: Redefining \] on input line 75.
Already applied: [0000/00/00] Make \] robust on input line 83.
)
("C:\Program Files\MiKTeX 2.9\tex/latex/base\size10.clo"
File: size10.clo 2019/12/20 v1.4l Standard LaTeX file (size option)
)
\c@part=\count168
\c@section=\count169
\c@subsection=\count170
\c@subsubsection=\count171
\c@paragraph=\count172
\c@subparagraph=\count173
\c@figure=\count174
\c@table=\count175
\abovecaptionskip=\skip47
\belowcaptionskip=\skip48
\bibindent=\dimen135
)
("C:\Program Files\MiKTeX 2.9\tex/latex/hyperref\hyperref.sty"
Package: hyperref 2020-05-15 v7.00e Hypertext links for LaTeX

("C:\Program Files\MiKTeX 2.9\tex/generic/ltxcmds\ltxcmds.sty"
Package: ltxcmds 2019/12/15 v1.24 LaTeX kernel commands for general use (HO)
)
("C:\Program Files\MiKTeX 2.9\tex/generic/iftex\iftex.sty"
Package: iftex 2020/03/06 v1.0d TeX engine tests
)
("C:\Program Files\MiKTeX 2.9\tex/generic/pdftexcmds\pdftexcmds.sty"
Package: pdftexcmds 2020-06-27 v0.33 Utility functions of pdfTeX for LuaTeX (HO
)

("C:\Program Files\MiKTeX 2.9\tex/generic/infwarerr\infwarerr.sty"
Package: infwarerr 2019/12/03 v1.5 Providing info/warning/error messages (HO)
)
Package pdftexcmds Info: \pdf@primitive is available.
Package pdftexcmds Info: \pdf@ifprimitive is available.
Package pdftexcmds Info: \pdfdraftmode found.
)
("C:\Program Files\MiKTeX 2.9\tex/latex/graphics\keyval.sty"
Package: keyval 2014/10/28 v1.15 key=value parser (DPC)
\KV@toks@=\toks15
)
("C:\Program Files\MiKTeX 2.9\tex/generic/kvsetkeys\kvsetkeys.sty"
Package: kvsetkeys 2019/12/15 v1.18 Key value parser (HO)
)
("C:\Program Files\MiKTeX 2.9\tex/generic/kvdefinekeys\kvdefinekeys.sty"
Package: kvdefinekeys 2019-12-19 v1.6 Define keys (HO)
)
("C:\Program Files\MiKTeX 2.9\tex/generic/pdfescape\pdfescape.sty"
Package: pdfescape 2019/12/09 v1.15 Implements pdfTeX's escape features (HO)
)
("C:\Program Files\MiKTeX 2.9\tex/latex/hycolor\hycolor.sty"
Package: hycolor 2020-01-27 v1.10 Color options for hyperref/bookmark (HO)
)
("C:\Program Files\MiKTeX 2.9\tex/latex/letltxmacro\letltxmacro.sty"
Package: letltxmacro 2019/12/03 v1.6 Let assignment for LaTeX macros (HO)
)
("C:\Program Files\MiKTeX 2.9\tex/latex/auxhook\auxhook.sty"
Package: auxhook 2019-12-17 v1.6 Hooks for auxiliary files (HO)
)
("C:\Program Files\MiKTeX 2.9\tex/latex/kvoptions\kvoptions.sty"
Package: kvoptions 2019/11/29 v3.13 Key value format for package options (HO)
)
\@linkdim=\dimen136
\Hy@linkcounter=\count176
\Hy@pagecounter=\count177

("C:\Program Files\MiKTeX 2.9\tex/latex/hyperref\pd1enc.def"
File: pd1enc.def 2020-05-15 v7.00e Hyperref: PDFDocEncoding definition (HO)
Now handling font encoding PD1 ...
... no UTF-8 mapping file for font encoding PD1
)
("C:\Program Files\MiKTeX 2.9\tex/generic/intcalc\intcalc.sty"
Package: intcalc 2019/12/15 v1.3 Expandable calculations with integers (HO)
)
("C:\Program Files\MiKTeX 2.9\tex/generic/etexcmds\etexcmds.sty"
Package: etexcmds 2019/12/15 v1.7 Avoid name clashes with e-TeX commands (HO)
)
\Hy@SavedSpaceFactor=\count178


Package hyperref Warning: Token not allowed in a PDF string (PDFDocEncoding):
(hyperref)                removing `\unhbox' on input line 4338.


Package hyperref Warning: Token not allowed in a PDF string (PDFDocEncoding):
(hyperref)                removing `\voidb@x' on input line 4338.


Package hyperref Warning: Token not allowed in a PDF string (PDFDocEncoding):
(hyperref)                removing `\<let>-command' on input line 4338.


Package hyperref Warning: Token not allowed in a PDF string (PDFDocEncoding):
(hyperref)                removing `\unhbox' on input line 4338.


Package hyperref Warning: Token not allowed in a PDF string (PDFDocEncoding):
(hyperref)                removing `\voidb@x' on input line 4338.


Package hyperref Warning: Token not allowed in a PDF string (PDFDocEncoding):
(hyperref)                removing `\setbox' on input line 4338.


Package hyperref Warning: Token not allowed in a PDF string (PDFDocEncoding):
(hyperref)                removing `\@tempboxa' on input line 4338.


Package hyperref Warning: Token not allowed in a PDF string (PDFDocEncoding):
(hyperref)                removing `\hbox' on input line 4338.


Package hyperref Warning: Token not allowed in a PDF string (PDFDocEncoding):
(hyperref)                removing `\global' on input line 4338.


Package hyperref Warning: Token not allowed in a PDF string (PDFDocEncoding):
(hyperref)                removing `\mathchardef' on input line 4338.


Package hyperref Warning: Token not allowed in a PDF string (PDFDocEncoding):
(hyperref)                removing `\spacefactor' on input line 4338.


Package hyperref Warning: Token not allowed in a PDF string (PDFDocEncoding):
(hyperref)                removing `\<let>-command' on input line 4338.


Package hyperref Warning: Token not allowed in a PDF string (PDFDocEncoding):
(hyperref)                removing `\begingroup' on input line 4338.


Package hyperref Warning: Token not allowed in a PDF string (PDFDocEncoding):
(hyperref)                removing `\endgroup' on input line 4338.


Package hyperref Warning: Token not allowed in a PDF string (PDFDocEncoding):
(hyperref)                removing `\<let>-command' on input line 4338.


Package hyperref Warning: Token not allowed in a PDF string (PDFDocEncoding):
(hyperref)                removing `\ignorespaces' on input line 4338.


Package hyperref Warning: Token not allowed in a PDF string (PDFDocEncoding):
(hyperref)                removing `\accent' on input line 4338.


Package hyperref Warning: Token not allowed in a PDF string (PDFDocEncoding):
(hyperref)                removing `\spacefactor' on input line 4338.

Package hyperref Info: Hyper figures OFF on input line 4464.
Package hyperref Info: Link nesting OFF on input line 4469.
Package hyperref Info: Hyper index ON on input line 4472.
Package hyperref Info: Plain pages OFF on input line 4479.
Package hyperref Info: Backreferencing OFF on input line 4484.
Package hyperref Info: Implicit mode ON; LaTeX internals redefined.
Package hyperref Info: Bookmarks ON on input line 4717.
\c@Hy@tempcnt=\count179
("C:\Program Files\MiKTeX 2.9\tex/latex/url\url.sty"
\Urlmuskip=\muskip16
Package: url 2013/09/16  ver 3.4  Verb mode for urls, etc.
)
LaTeX Info: Redefining \url on input line 5076.
\XeTeXLinkMargin=\dimen137

("C:\Program Files\MiKTeX 2.9\tex/generic/bitset\bitset.sty"
Package: bitset 2019/12/09 v1.3 Handle bit-vector datatype (HO)

("C:\Program Files\MiKTeX 2.9\tex/generic/bigintcalc\bigintcalc.sty"
Package: bigintcalc 2019/12/15 v1.5 Expandable calculations on big integers (HO
)
))
\Fld@menulength=\count180
\Field@Width=\dimen138
\Fld@charsize=\dimen139
Package hyperref Info: Hyper figures OFF on input line 6347.
Package hyperref Info: Link nesting OFF on input line 6352.
Package hyperref Info: Hyper index ON on input line 6355.
Package hyperref Info: backreferencing OFF on input line 6362.
Package hyperref Info: Link coloring OFF on input line 6367.
Package hyperref Info: Link coloring with OCG OFF on input line 6372.
Package hyperref Info: PDF/A mode OFF on input line 6377.
LaTeX Info: Redefining \ref on input line 6417.
LaTeX Info: Redefining \pageref on input line 6421.

("C:\Program Files\MiKTeX 2.9\tex/generic/atbegshi\atbegshi.sty"
Package: atbegshi 2019/12/05 v1.19 At begin shipout hook (HO)
)
\Hy@abspage=\count181
\c@Item=\count182
\c@Hfootnote=\count183
)
Package hyperref Info: Driver (autodetected): hpdftex.

("C:\Program Files\MiKTeX 2.9\tex/latex/hyperref\hpdftex.def"
File: hpdftex.def 2020-05-15 v7.00e Hyperref driver for pdfTeX

("C:\Program Files\MiKTeX 2.9\tex/latex/atveryend\atveryend.sty"
Package: atveryend 2019-12-11 v1.11 Hooks at the very end of document (HO)
Package atveryend Info: \enddocument detected (standard20110627).
)
\Fld@listcount=\count184
\c@bookmark@seq@number=\count185

("C:\Program Files\MiKTeX 2.9\tex/latex/rerunfilecheck\rerunfilecheck.sty"
Package: rerunfilecheck 2019/12/05 v1.9 Rerun checks for auxiliary files (HO)

("C:\Program Files\MiKTeX 2.9\tex/generic/uniquecounter\uniquecounter.sty"
Package: uniquecounter 2019/12/15 v1.4 Provide unlimited unique counter (HO)
)
Package uniquecounter Info: New unique counter `rerunfilecheck' on input line 2
86.
)
\Hy@SectionHShift=\skip49
)
("C:\Program Files\MiKTeX 2.9\tex/latex/minted\minted.sty"
Package: minted 2017/07/19 v2.5 Yet another Pygments shim for LaTeX

("C:\Program Files\MiKTeX 2.9\tex/latex/fvextra\fvextra.sty"
Package: fvextra 2019/02/04 v1.4 fvextra - extensions and patches for fancyvrb

("C:\Program Files\MiKTeX 2.9\tex/latex/base\ifthen.sty"
Package: ifthen 2014/09/29 v1.1c Standard LaTeX ifthen package (DPC)
)
("C:\Program Files\MiKTeX 2.9\tex/latex/etoolbox\etoolbox.sty"
Package: etoolbox 2020/08/24 v2.5j e-TeX tools for LaTeX (JAW)
\etb@tempcnta=\count186
)
("C:\Program Files\MiKTeX 2.9\tex/latex/fancyvrb\fancyvrb.sty"
Package: fancyvrb 2020/05/03 v3.6 verbatim text (tvz,hv)
\FV@CodeLineNo=\count187
\FV@InFile=\read2
\FV@TabBox=\box45
\c@FancyVerbLine=\count188
\FV@StepNumber=\count189
\FV@OutFile=\write3
)
("C:\Program Files\MiKTeX 2.9\tex/latex/upquote\upquote.sty"
Package: upquote 2012/04/19 v1.3 upright-quote and grave-accent glyphs in verba
tim
)
("C:\Program Files\MiKTeX 2.9\tex/latex/lineno\lineno.sty"
Package: lineno 2005/11/02 line numbers on paragraphs v4.41
\linenopenalty=\count190
\output=\toks16
\linenoprevgraf=\count191
\linenumbersep=\dimen140
\linenumberwidth=\dimen141
\c@linenumber=\count192
\c@pagewiselinenumber=\count193
\c@LN@truepage=\count194
\c@internallinenumber=\count195
\c@internallinenumbers=\count196
\quotelinenumbersep=\dimen142
\bframerule=\dimen143
\bframesep=\dimen144
\bframebox=\box46
LaTeX Info: Redefining \\ on input line 3056.
)
\c@FV@TrueTabGroupLevel=\count197
\c@FV@TrueTabCounter=\count198
\FV@TabBox@Group=\box47
\FV@TmpLength=\skip50
\c@FV@HighlightLinesStart=\count199
\c@FV@HighlightLinesStop=\count266
\FV@LoopCount=\count267
\FV@NCharsBox=\box48
\FV@BreakIndent=\dimen145
\FV@BreakIndentNChars=\count268
\FV@BreakSymbolSepLeft=\dimen146
\FV@BreakSymbolSepLeftNChars=\count269
\FV@BreakSymbolSepRight=\dimen147
\FV@BreakSymbolSepRightNChars=\count270
\FV@BreakSymbolIndentLeft=\dimen148
\FV@BreakSymbolIndentLeftNChars=\count271
\FV@BreakSymbolIndentRight=\dimen149
\FV@BreakSymbolIndentRightNChars=\count272
\c@FancyVerbLineBreakLast=\count273
\FV@LineBox=\box49
\FV@LineIndentBox=\box50
\FV@LineWidth=\dimen150
)
("C:\Program Files\MiKTeX 2.9\tex/latex/tools\calc.sty"
Package: calc 2017/05/25 v4.3 Infix arithmetic (KKT,FJ)
\calc@Acount=\count274
\calc@Bcount=\count275
\calc@Adimen=\dimen151
\calc@Bdimen=\dimen152
\calc@Askip=\skip51
\calc@Bskip=\skip52
LaTeX Info: Redefining \setlength on input line 80.
LaTeX Info: Redefining \addtolength on input line 81.
\calc@Ccount=\count276
\calc@Cskip=\skip53
)
("C:\Program Files\MiKTeX 2.9\tex/latex/tools\shellesc.sty"
Package: shellesc 2019/11/08 v1.0c unified shell escape interface for LaTeX
Package shellesc Info: Unrestricted shell escape enabled on input line 75.
)
("C:\Program Files\MiKTeX 2.9\tex/latex/ifplatform\ifplatform.sty"
Package: ifplatform 2017/10/13 v0.4a Testing for the operating system

("C:\Program Files\MiKTeX 2.9\tex/generic/catchfile\catchfile.sty"
Package: catchfile 2019/12/09 v1.8 Catch the contents of a file (HO)
)
("C:\Program Files\MiKTeX 2.9\tex/generic/iftex\ifluatex.sty"
Package: ifluatex 2019/10/25 v1.5 ifluatex legacy package. Use iftex instead.
))
("C:\Program Files\MiKTeX 2.9\tex/latex/xstring\xstring.sty"
("C:\Program Files\MiKTeX 2.9\tex/generic/xstring\xstring.tex"
\integerpart=\count277
\decimalpart=\count278
)
Package: xstring 2019/02/06 v1.83 String manipulations (CT)
)
("C:\Program Files\MiKTeX 2.9\tex/latex/framed\framed.sty"
Package: framed 2011/10/22 v 0.96: framed or shaded text with page breaks
\OuterFrameSep=\skip54
\fb@frw=\dimen153
\fb@frh=\dimen154
\FrameRule=\dimen155
\FrameSep=\dimen156
)
("C:\Program Files\MiKTeX 2.9\tex/latex/float\float.sty"
Package: float 2001/11/08 v1.3d Float enhancements (AL)
\c@float@type=\count279
\float@exts=\toks17
\float@box=\box51
\@float@everytoks=\toks18
\@floatcapt=\box52
)
\minted@appexistsfile=\read3
\minted@bgbox=\box53
\minted@code=\write4
\c@minted@FancyVerbLineTemp=\count280
\c@minted@pygmentizecounter=\count281
\@float@every@listing=\toks19
\c@listing=\count282
)
runsystem(if not exist _minted-TD_Classique_02_Iris_PDF mkdir _minted-TD_Classi
que_02_Iris_PDF)...executed.


(../../style/new_style.tex
("C:\Program Files\MiKTeX 2.9\tex/latex/geometry\geometry.sty"
Package: geometry 2020/01/02 v5.9 Page Geometry

("C:\Program Files\MiKTeX 2.9\tex/generic/iftex\ifvtex.sty"
Package: ifvtex 2019/10/25 v1.7 ifvtex legacy package. Use iftex instead.
)
\Gm@cnth=\count283
\Gm@cntv=\count284
\c@Gm@tempcnt=\count285
\Gm@bindingoffset=\dimen157
\Gm@wd@mp=\dimen158
\Gm@odd@mp=\dimen159
\Gm@even@mp=\dimen160
\Gm@layoutwidth=\dimen161
\Gm@layoutheight=\dimen162
\Gm@layouthoffset=\dimen163
\Gm@layoutvoffset=\dimen164
\Gm@dimlist=\toks20

("C:\Program Files\MiKTeX 2.9\tex/latex/geometry\geometry.cfg"))
("C:\Program Files\MiKTeX 2.9\tex/latex/graphics\graphicx.sty"
Package: graphicx 2019/11/30 v1.2a Enhanced LaTeX Graphics (DPC,SPQR)

("C:\Program Files\MiKTeX 2.9\tex/latex/graphics\graphics.sty"
Package: graphics 2019/11/30 v1.4a Standard LaTeX Graphics (DPC,SPQR)

("C:\Program Files\MiKTeX 2.9\tex/latex/graphics\trig.sty"
Package: trig 2016/01/03 v1.10 sin cos tan (DPC)
)
("C:\Program Files\MiKTeX 2.9\tex/latex/graphics-cfg\graphics.cfg"
File: graphics.cfg 2016/06/04 v1.11 sample graphics configuration
)
Package graphics Info: Driver file: pdftex.def on input line 105.

("C:\Program Files\MiKTeX 2.9\tex/latex/graphics-def\pdftex.def"
File: pdftex.def 2020/08/26 v1.2 Graphics/color driver for pdftex
))
\Gin@req@height=\dimen165
\Gin@req@width=\dimen166
)
("C:\Program Files\MiKTeX 2.9\tex/latex/lipsum\lipsum.sty"
("C:\Program Files\MiKTeX 2.9\tex/latex/l3kernel\expl3.sty"
Package: expl3 2020-09-03 L3 programming layer (loader) 

("C:\Program Files\MiKTeX 2.9\tex/latex/l3backend\l3backend-pdftex.def"
File: l3backend-pdftex.def 2020-09-01 L3 backend support: PDF output (pdfTeX)
\l__kernel_color_stack_int=\count286
\l__pdf_internal_box=\box54
))
("C:\Program Files\MiKTeX 2.9\tex/latex/l3packages/xparse\xparse.sty"
Package: xparse 2020-05-15 L3 Experimental document command parser

("C:\Program Files\MiKTeX 2.9\tex/latex/l3packages/xparse\xparse-generic.tex"
\l__xparse_current_arg_int=\count287
\g__xparse_grabber_int=\count288
\l__xparse_m_args_int=\count289
\l__xparse_v_nesting_int=\count290
))
Package: lipsum 2019/01/02 v2.2 150 paragraphs of Lorem Ipsum dummy text
("C:\Program Files\MiKTeX 2.9\tex/latex/lipsum\lipsum.ltd.tex"
File: lipsum.ltd.tex 2019/01/02 v2.2 The Lorem ipsum dummy text
))
("C:\Program Files\MiKTeX 2.9\tex/latex/pgf/frontendlayer\tikz.sty"
("C:\Program Files\MiKTeX 2.9\tex/latex/pgf/basiclayer\pgf.sty"
("C:\Program Files\MiKTeX 2.9\tex/latex/pgf/utilities\pgfrcs.sty"
("C:\Program Files\MiKTeX 2.9\tex/generic/pgf/utilities\pgfutil-common.tex"
\pgfutil@everybye=\toks21
\pgfutil@tempdima=\dimen167
\pgfutil@tempdimb=\dimen168

("C:\Program Files\MiKTeX 2.9\tex/generic/pgf/utilities\pgfutil-common-lists.te
x")) ("C:\Program Files\MiKTeX 2.9\tex/generic/pgf/utilities\pgfutil-latex.def"
\pgfutil@abb=\box55
("C:\Program Files\MiKTeX 2.9\tex/latex/ms\everyshi.sty"
Package: everyshi 2001/05/15 v3.00 EveryShipout Package (MS)
))
("C:\Program Files\MiKTeX 2.9\tex/generic/pgf/utilities\pgfrcs.code.tex"
("C:\Program Files\MiKTeX 2.9\tex/generic/pgf\pgf.revision.tex")
Package: pgfrcs 2020/01/08 v3.1.5b (3.1.5b)
))
Package: pgf 2020/01/08 v3.1.5b (3.1.5b)

("C:\Program Files\MiKTeX 2.9\tex/latex/pgf/basiclayer\pgfcore.sty"
("C:\Program Files\MiKTeX 2.9\tex/latex/pgf/systemlayer\pgfsys.sty"
("C:\Program Files\MiKTeX 2.9\tex/generic/pgf/systemlayer\pgfsys.code.tex"
Package: pgfsys 2020/01/08 v3.1.5b (3.1.5b)

("C:\Program Files\MiKTeX 2.9\tex/generic/pgf/utilities\pgfkeys.code.tex"
\pgfkeys@pathtoks=\toks22
\pgfkeys@temptoks=\toks23

("C:\Program Files\MiKTeX 2.9\tex/generic/pgf/utilities\pgfkeysfiltered.code.te
x"
\pgfkeys@tmptoks=\toks24
))
\pgf@x=\dimen169
\pgf@y=\dimen170
\pgf@xa=\dimen171
\pgf@ya=\dimen172
\pgf@xb=\dimen173
\pgf@yb=\dimen174
\pgf@xc=\dimen175
\pgf@yc=\dimen176
\pgf@xd=\dimen177
\pgf@yd=\dimen178
\w@pgf@writea=\write5
\r@pgf@reada=\read4
\c@pgf@counta=\count291
\c@pgf@countb=\count292
\c@pgf@countc=\count293
\c@pgf@countd=\count294
\t@pgf@toka=\toks25
\t@pgf@tokb=\toks26
\t@pgf@tokc=\toks27
\pgf@sys@id@count=\count295
 ("C:\Program Files\MiKTeX 2.9\tex/generic/pgf/systemlayer\pgf.cfg"
File: pgf.cfg 2020/01/08 v3.1.5b (3.1.5b)
)
Driver file for pgf: pgfsys-pdftex.def

("C:\Program Files\MiKTeX 2.9\tex/generic/pgf/systemlayer\pgfsys-pdftex.def"
File: pgfsys-pdftex.def 2020/01/08 v3.1.5b (3.1.5b)

("C:\Program Files\MiKTeX 2.9\tex/generic/pgf/systemlayer\pgfsys-common-pdf.def
"
File: pgfsys-common-pdf.def 2020/01/08 v3.1.5b (3.1.5b)
)))
("C:\Program Files\MiKTeX 2.9\tex/generic/pgf/systemlayer\pgfsyssoftpath.code.t
ex"
File: pgfsyssoftpath.code.tex 2020/01/08 v3.1.5b (3.1.5b)
\pgfsyssoftpath@smallbuffer@items=\count296
\pgfsyssoftpath@bigbuffer@items=\count297
)
("C:\Program Files\MiKTeX 2.9\tex/generic/pgf/systemlayer\pgfsysprotocol.code.t
ex"
File: pgfsysprotocol.code.tex 2020/01/08 v3.1.5b (3.1.5b)
)) ("C:\Program Files\MiKTeX 2.9\tex/latex/xcolor\xcolor.sty"
Package: xcolor 2016/05/11 v2.12 LaTeX color extensions (UK)

("C:\Program Files\MiKTeX 2.9\tex/latex/graphics-cfg\color.cfg"
File: color.cfg 2016/01/02 v1.6 sample color configuration
)
Package xcolor Info: Driver file: pdftex.def on input line 225.
Package xcolor Info: Model `cmy' substituted by `cmy0' on input line 1348.
Package xcolor Info: Model `hsb' substituted by `rgb' on input line 1352.
Package xcolor Info: Model `RGB' extended on input line 1364.
Package xcolor Info: Model `HTML' substituted by `rgb' on input line 1366.
Package xcolor Info: Model `Hsb' substituted by `hsb' on input line 1367.
Package xcolor Info: Model `tHsb' substituted by `hsb' on input line 1368.
Package xcolor Info: Model `HSB' substituted by `hsb' on input line 1369.
Package xcolor Info: Model `Gray' substituted by `gray' on input line 1370.
Package xcolor Info: Model `wave' substituted by `hsb' on input line 1371.
)
("C:\Program Files\MiKTeX 2.9\tex/generic/pgf/basiclayer\pgfcore.code.tex"
Package: pgfcore 2020/01/08 v3.1.5b (3.1.5b)

("C:\Program Files\MiKTeX 2.9\tex/generic/pgf/math\pgfmath.code.tex"
("C:\Program Files\MiKTeX 2.9\tex/generic/pgf/math\pgfmathcalc.code.tex"
("C:\Program Files\MiKTeX 2.9\tex/generic/pgf/math\pgfmathutil.code.tex")
("C:\Program Files\MiKTeX 2.9\tex/generic/pgf/math\pgfmathparser.code.tex"
\pgfmath@dimen=\dimen179
\pgfmath@count=\count298
\pgfmath@box=\box56
\pgfmath@toks=\toks28
\pgfmath@stack@operand=\toks29
\pgfmath@stack@operation=\toks30
)
("C:\Program Files\MiKTeX 2.9\tex/generic/pgf/math\pgfmathfunctions.code.tex"
("C:\Program Files\MiKTeX 2.9\tex/generic/pgf/math\pgfmathfunctions.basic.code.
tex")
("C:\Program Files\MiKTeX 2.9\tex/generic/pgf/math\pgfmathfunctions.trigonometr
ic.code.tex")
("C:\Program Files\MiKTeX 2.9\tex/generic/pgf/math\pgfmathfunctions.random.code
.tex")
("C:\Program Files\MiKTeX 2.9\tex/generic/pgf/math\pgfmathfunctions.comparison.
code.tex")
("C:\Program Files\MiKTeX 2.9\tex/generic/pgf/math\pgfmathfunctions.base.code.t
ex")
("C:\Program Files\MiKTeX 2.9\tex/generic/pgf/math\pgfmathfunctions.round.code.
tex")
("C:\Program Files\MiKTeX 2.9\tex/generic/pgf/math\pgfmathfunctions.misc.code.t
ex")
("C:\Program Files\MiKTeX 2.9\tex/generic/pgf/math\pgfmathfunctions.integerarit
hmetics.code.tex")))
("C:\Program Files\MiKTeX 2.9\tex/generic/pgf/math\pgfmathfloat.code.tex"
\c@pgfmathroundto@lastzeros=\count299
))
("C:\Program Files\MiKTeX 2.9\tex/generic/pgf/math\pgfint.code.tex")
("C:\Program Files\MiKTeX 2.9\tex/generic/pgf/basiclayer\pgfcorepoints.code.tex
"
File: pgfcorepoints.code.tex 2020/01/08 v3.1.5b (3.1.5b)
\pgf@picminx=\dimen180
\pgf@picmaxx=\dimen181
\pgf@picminy=\dimen182
\pgf@picmaxy=\dimen183
\pgf@pathminx=\dimen184
\pgf@pathmaxx=\dimen185
\pgf@pathminy=\dimen186
\pgf@pathmaxy=\dimen187
\pgf@xx=\dimen188
\pgf@xy=\dimen189
\pgf@yx=\dimen190
\pgf@yy=\dimen191
\pgf@zx=\dimen192
\pgf@zy=\dimen193
)
("C:\Program Files\MiKTeX 2.9\tex/generic/pgf/basiclayer\pgfcorepathconstruct.c
ode.tex"
File: pgfcorepathconstruct.code.tex 2020/01/08 v3.1.5b (3.1.5b)
\pgf@path@lastx=\dimen194
\pgf@path@lasty=\dimen195
)
("C:\Program Files\MiKTeX 2.9\tex/generic/pgf/basiclayer\pgfcorepathusage.code.
tex"
File: pgfcorepathusage.code.tex 2020/01/08 v3.1.5b (3.1.5b)
\pgf@shorten@end@additional=\dimen196
\pgf@shorten@start@additional=\dimen197
)
("C:\Program Files\MiKTeX 2.9\tex/generic/pgf/basiclayer\pgfcorescopes.code.tex
"
File: pgfcorescopes.code.tex 2020/01/08 v3.1.5b (3.1.5b)
\pgfpic=\box57
\pgf@hbox=\box58
\pgf@layerbox@main=\box59
\pgf@picture@serial@count=\count300
)
("C:\Program Files\MiKTeX 2.9\tex/generic/pgf/basiclayer\pgfcoregraphicstate.co
de.tex"
File: pgfcoregraphicstate.code.tex 2020/01/08 v3.1.5b (3.1.5b)
\pgflinewidth=\dimen198
)
("C:\Program Files\MiKTeX 2.9\tex/generic/pgf/basiclayer\pgfcoretransformations
.code.tex"
File: pgfcoretransformations.code.tex 2020/01/08 v3.1.5b (3.1.5b)
\pgf@pt@x=\dimen199
\pgf@pt@y=\dimen256
\pgf@pt@temp=\dimen257
)
("C:\Program Files\MiKTeX 2.9\tex/generic/pgf/basiclayer\pgfcorequick.code.tex"
File: pgfcorequick.code.tex 2020/01/08 v3.1.5b (3.1.5b)
)
("C:\Program Files\MiKTeX 2.9\tex/generic/pgf/basiclayer\pgfcoreobjects.code.te
x"
File: pgfcoreobjects.code.tex 2020/01/08 v3.1.5b (3.1.5b)
)
("C:\Program Files\MiKTeX 2.9\tex/generic/pgf/basiclayer\pgfcorepathprocessing.
code.tex"
File: pgfcorepathprocessing.code.tex 2020/01/08 v3.1.5b (3.1.5b)
)
("C:\Program Files\MiKTeX 2.9\tex/generic/pgf/basiclayer\pgfcorearrows.code.tex
"
File: pgfcorearrows.code.tex 2020/01/08 v3.1.5b (3.1.5b)
\pgfarrowsep=\dimen258
)
("C:\Program Files\MiKTeX 2.9\tex/generic/pgf/basiclayer\pgfcoreshade.code.tex"
File: pgfcoreshade.code.tex 2020/01/08 v3.1.5b (3.1.5b)
\pgf@max=\dimen259
\pgf@sys@shading@range@num=\count301
\pgf@shadingcount=\count302
) ("C:\Program Files\MiKTeX 2.9\tex/generic/pgf/basiclayer\pgfcoreimage.code.te
x"
File: pgfcoreimage.code.tex 2020/01/08 v3.1.5b (3.1.5b)

("C:\Program Files\MiKTeX 2.9\tex/generic/pgf/basiclayer\pgfcoreexternal.code.t
ex"
File: pgfcoreexternal.code.tex 2020/01/08 v3.1.5b (3.1.5b)
\pgfexternal@startupbox=\box60
))
("C:\Program Files\MiKTeX 2.9\tex/generic/pgf/basiclayer\pgfcorelayers.code.tex
"
File: pgfcorelayers.code.tex 2020/01/08 v3.1.5b (3.1.5b)
)
("C:\Program Files\MiKTeX 2.9\tex/generic/pgf/basiclayer\pgfcoretransparency.co
de.tex"
File: pgfcoretransparency.code.tex 2020/01/08 v3.1.5b (3.1.5b)
)
("C:\Program Files\MiKTeX 2.9\tex/generic/pgf/basiclayer\pgfcorepatterns.code.t
ex"
File: pgfcorepatterns.code.tex 2020/01/08 v3.1.5b (3.1.5b)
)
("C:\Program Files\MiKTeX 2.9\tex/generic/pgf/basiclayer\pgfcorerdf.code.tex"
File: pgfcorerdf.code.tex 2020/01/08 v3.1.5b (3.1.5b)
))) ("C:\Program Files\MiKTeX 2.9\tex/generic/pgf/modules\pgfmoduleshapes.code.
tex"
File: pgfmoduleshapes.code.tex 2020/01/08 v3.1.5b (3.1.5b)
\pgfnodeparttextbox=\box61
) ("C:\Program Files\MiKTeX 2.9\tex/generic/pgf/modules\pgfmoduleplot.code.tex"
File: pgfmoduleplot.code.tex 2020/01/08 v3.1.5b (3.1.5b)
)
("C:\Program Files\MiKTeX 2.9\tex/latex/pgf/compatibility\pgfcomp-version-0-65.
sty"
Package: pgfcomp-version-0-65 2020/01/08 v3.1.5b (3.1.5b)
\pgf@nodesepstart=\dimen260
\pgf@nodesepend=\dimen261
)
("C:\Program Files\MiKTeX 2.9\tex/latex/pgf/compatibility\pgfcomp-version-1-18.
sty"
Package: pgfcomp-version-1-18 2020/01/08 v3.1.5b (3.1.5b)
)) ("C:\Program Files\MiKTeX 2.9\tex/latex/pgf/utilities\pgffor.sty"
("C:\Program Files\MiKTeX 2.9\tex/latex/pgf/utilities\pgfkeys.sty"
("C:\Program Files\MiKTeX 2.9\tex/generic/pgf/utilities\pgfkeys.code.tex"))
("C:\Program Files\MiKTeX 2.9\tex/latex/pgf/math\pgfmath.sty"
("C:\Program Files\MiKTeX 2.9\tex/generic/pgf/math\pgfmath.code.tex"))
("C:\Program Files\MiKTeX 2.9\tex/generic/pgf/utilities\pgffor.code.tex"
Package: pgffor 2020/01/08 v3.1.5b (3.1.5b)

("C:\Program Files\MiKTeX 2.9\tex/generic/pgf/math\pgfmath.code.tex")
\pgffor@iter=\dimen262
\pgffor@skip=\dimen263
\pgffor@stack=\toks31
\pgffor@toks=\toks32
))
("C:\Program Files\MiKTeX 2.9\tex/generic/pgf/frontendlayer/tikz\tikz.code.tex"
Package: tikz 2020/01/08 v3.1.5b (3.1.5b)

("C:\Program Files\MiKTeX 2.9\tex/generic/pgf/libraries\pgflibraryplothandlers.
code.tex"
File: pgflibraryplothandlers.code.tex 2020/01/08 v3.1.5b (3.1.5b)
\pgf@plot@mark@count=\count303
\pgfplotmarksize=\dimen264
)
\tikz@lastx=\dimen265
\tikz@lasty=\dimen266
\tikz@lastxsaved=\dimen267
\tikz@lastysaved=\dimen268
\tikz@lastmovetox=\dimen269
\tikz@lastmovetoy=\dimen270
\tikzleveldistance=\dimen271
\tikzsiblingdistance=\dimen272
\tikz@figbox=\box62
\tikz@figbox@bg=\box63
\tikz@tempbox=\box64
\tikz@tempbox@bg=\box65
\tikztreelevel=\count304
\tikznumberofchildren=\count305
\tikznumberofcurrentchild=\count306
\tikz@fig@count=\count307

("C:\Program Files\MiKTeX 2.9\tex/generic/pgf/modules\pgfmodulematrix.code.tex"
File: pgfmodulematrix.code.tex 2020/01/08 v3.1.5b (3.1.5b)
\pgfmatrixcurrentrow=\count308
\pgfmatrixcurrentcolumn=\count309
\pgf@matrix@numberofcolumns=\count310
)
\tikz@expandcount=\count311

("C:\Program Files\MiKTeX 2.9\tex/generic/pgf/frontendlayer/tikz/libraries\tikz
librarytopaths.code.tex"
File: tikzlibrarytopaths.code.tex 2020/01/08 v3.1.5b (3.1.5b)
)))
("C:\Program Files\MiKTeX 2.9\tex/generic/babel\babel.sty"
Package: babel 2020/09/01 3.48 The Babel package

("C:\Program Files\MiKTeX 2.9\tex/generic/babel\babel.def"
File: babel.def 2020/09/01 3.48 Babel common definitions
\babel@savecnt=\count312
\U@D=\dimen273
\l@babelnohyphens=\language83

("C:\Program Files\MiKTeX 2.9\tex/generic/babel\txtbabel.def")
\bbl@readstream=\read5
)
\bbl@dirlevel=\count313

*************************************
* Local config file bblopts.cfg used
*
("C:\Program Files\MiKTeX 2.9\tex/latex/arabi\bblopts.cfg"
File: bblopts.cfg 2005/09/08 v0.1 add Arabic and Farsi to "declared" options of
 babel
)
("C:\Program Files\MiKTeX 2.9\tex/generic/babel-french\francais.ldf"
Language: francais 2020/07/02 v3.5j French support from the babel system


Package francais.ldf Warning: Option `francais' for Babel is *deprecated*,
(francais.ldf)                it might be removed sooner or later. Please
(francais.ldf)                use `french' instead; reported on input line 31.

("C:\Program Files\MiKTeX 2.9\tex/generic/babel-french\french.ldf"
Language: french 2020/07/02 v3.5j French support from the babel system
Package babel Info: \l@acadian = using hyphenrules for french
(babel)             (\language24) on input line 91.
Package babel Info: \l@canadien = using hyphenrules for french
(babel)             (\language24) on input line 92.
\FB@nonchar=\count314
Package babel Info: Making : an active character on input line 428.
Package babel Info: Making ; an active character on input line 429.
Package babel Info: Making ! an active character on input line 430.
Package babel Info: Making ? an active character on input line 431.
\FBguill@level=\count315
\FBold@everypar=\toks33
\FB@Mht=\dimen274
\mc@charclass=\count316
\mc@charfam=\count317
\mc@charslot=\count318
\std@mcc=\count319
\dec@mcc=\count320
\c@FBcaption@count=\count321
\listindentFB=\dimen275
\descindentFB=\dimen276
\labelindentFB=\dimen277
\labelwidthFB=\dimen278
\leftmarginFB=\dimen279
\parindentFFN=\dimen280
\FBfnindent=\dimen281
)))
("C:\Program Files\MiKTeX 2.9\tex/latex/carlisle\scalefnt.sty")
("C:\Program Files\MiKTeX 2.9\tex/latex/enumitem\enumitem.sty"
Package: enumitem 2019/06/20 v3.9 Customized lists
\labelindent=\skip55
\enit@outerparindent=\dimen282
\enit@toks=\toks34
\enit@inbox=\box66
\enit@count@id=\count322
\enitdp@description=\count323
)
("C:\Program Files\MiKTeX 2.9\tex/latex/booktabs\booktabs.sty"
Package: booktabs 2020/01/12 v1.61803398 Publication quality tables
\heavyrulewidth=\dimen283
\lightrulewidth=\dimen284
\cmidrulewidth=\dimen285
\belowrulesep=\dimen286
\belowbottomsep=\dimen287
\aboverulesep=\dimen288
\abovetopsep=\dimen289
\cmidrulesep=\dimen290
\cmidrulekern=\dimen291
\defaultaddspace=\dimen292
\@cmidla=\count324
\@cmidlb=\count325
\@aboverulesep=\dimen293
\@belowrulesep=\dimen294
\@thisruleclass=\count326
\@lastruleclass=\count327
\@thisrulewidth=\dimen295
)
("C:\Program Files\MiKTeX 2.9\tex/latex/psnfss\pifont.sty"
Package: pifont 2020/03/25 PSNFSS-v9.3 Pi font support (SPQR) 
LaTeX Font Info:    Trying to load font information for U+pzd on input line 63.


("C:\Program Files\MiKTeX 2.9\tex/latex/psnfss\upzd.fd"
File: upzd.fd 2001/06/04 font definitions for U/pzd.
)
LaTeX Font Info:    Trying to load font information for U+psy on input line 64.


("C:\Program Files\MiKTeX 2.9\tex/latex/psnfss\upsy.fd"
File: upsy.fd 2001/06/04 font definitions for U/psy.
))
("C:\Program Files\MiKTeX 2.9\tex/latex/tools\multicol.sty"
Package: multicol 2019/12/09 v1.8y multicolumn formatting (FMi)
\c@tracingmulticols=\count328
\mult@box=\box67
\multicol@leftmargin=\dimen296
\c@unbalance=\count329
\c@collectmore=\count330
\doublecol@number=\count331
\multicoltolerance=\count332
\multicolpretolerance=\count333
\full@width=\dimen297
\page@free=\dimen298
\premulticols=\dimen299
\postmulticols=\dimen300
\multicolsep=\skip56
\multicolbaselineskip=\skip57
\partial@page=\box68
\last@line=\box69
\maxbalancingoverflow=\dimen301
\mult@rightbox=\box70
\mult@grightbox=\box71
\mult@gfirstbox=\box72
\mult@firstbox=\box73
\@tempa=\box74
\@tempa=\box75
\@tempa=\box76
\@tempa=\box77
\@tempa=\box78
\@tempa=\box79
\@tempa=\box80
\@tempa=\box81
\@tempa=\box82
\@tempa=\box83
\@tempa=\box84
\@tempa=\box85
\@tempa=\box86
\@tempa=\box87
\@tempa=\box88
\@tempa=\box89
\@tempa=\box90
\@tempa=\box91
\@tempa=\box92
\@tempa=\box93
\@tempa=\box94
\@tempa=\box95
\@tempa=\box96
\@tempa=\box97
\@tempa=\box98
\@tempa=\box99
\@tempa=\box100
\@tempa=\box101
\@tempa=\box102
\@tempa=\box103
\@tempa=\box104
\@tempa=\box105
\@tempa=\box106
\@tempa=\box107
\@tempa=\box108
\@tempa=\box109
\@tempa=\box110
\c@minrows=\count334
\c@columnbadness=\count335
\c@finalcolumnbadness=\count336
\last@try=\dimen302
\multicolovershoot=\dimen303
\multicolundershoot=\dimen304
\mult@nat@firstbox=\box111
\colbreak@box=\box112
\mc@col@check@num=\count337
)
("C:\Program Files\MiKTeX 2.9\tex/latex/tools\array.sty"
Package: array 2019/08/31 v2.4l Tabular extension package (FMi)
\col@sep=\dimen305
\ar@mcellbox=\box113
\extrarowheight=\dimen306
\NC@list=\toks35
\extratabsurround=\skip58
\backup@length=\skip59
\ar@cellbox=\box114
)
("C:\Program Files\MiKTeX 2.9\tex/latex/schemabloc\schemabloc.sty"
Package: schemabloc 2006/12/29

("C:\Program Files\MiKTeX 2.9\tex/generic/pgf/frontendlayer/tikz/libraries\tikz
libraryshapes.code.tex"
File: tikzlibraryshapes.code.tex 2020/01/08 v3.1.5b (3.1.5b)

("C:\Program Files\MiKTeX 2.9\tex/generic/pgf/frontendlayer/tikz/libraries\tikz
libraryshapes.geometric.code.tex"
File: tikzlibraryshapes.geometric.code.tex 2020/01/08 v3.1.5b (3.1.5b)

("C:\Program Files\MiKTeX 2.9\tex/generic/pgf/libraries/shapes\pgflibraryshapes
.geometric.code.tex"
File: pgflibraryshapes.geometric.code.tex 2020/01/08 v3.1.5b (3.1.5b)
))
("C:\Program Files\MiKTeX 2.9\tex/generic/pgf/frontendlayer/tikz/libraries\tikz
libraryshapes.misc.code.tex"
File: tikzlibraryshapes.misc.code.tex 2020/01/08 v3.1.5b (3.1.5b)

("C:\Program Files\MiKTeX 2.9\tex/generic/pgf/libraries/shapes\pgflibraryshapes
.misc.code.tex"
File: pgflibraryshapes.misc.code.tex 2020/01/08 v3.1.5b (3.1.5b)
))
("C:\Program Files\MiKTeX 2.9\tex/generic/pgf/frontendlayer/tikz/libraries\tikz
libraryshapes.symbols.code.tex"
File: tikzlibraryshapes.symbols.code.tex 2020/01/08 v3.1.5b (3.1.5b)

("C:\Program Files\MiKTeX 2.9\tex/generic/pgf/libraries/shapes\pgflibraryshapes
.symbols.code.tex"
File: pgflibraryshapes.symbols.code.tex 2020/01/08 v3.1.5b (3.1.5b)
))
("C:\Program Files\MiKTeX 2.9\tex/generic/pgf/frontendlayer/tikz/libraries\tikz
libraryshapes.arrows.code.tex"
File: tikzlibraryshapes.arrows.code.tex 2020/01/08 v3.1.5b (3.1.5b)

("C:\Program Files\MiKTeX 2.9\tex/generic/pgf/libraries/shapes\pgflibraryshapes
.arrows.code.tex"
File: pgflibraryshapes.arrows.code.tex 2020/01/08 v3.1.5b (3.1.5b)
))
("C:\Program Files\MiKTeX 2.9\tex/generic/pgf/frontendlayer/tikz/libraries\tikz
libraryshapes.callouts.code.tex"
("C:\Program Files\MiKTeX 2.9\tex/generic/pgf/libraries/shapes\pgflibraryshapes
.callouts.code.tex"))
("C:\Program Files\MiKTeX 2.9\tex/generic/pgf/frontendlayer/tikz/libraries\tikz
libraryshapes.multipart.code.tex"
File: tikzlibraryshapes.multipart.code.tex 2020/01/08 v3.1.5b (3.1.5b)

("C:\Program Files\MiKTeX 2.9\tex/generic/pgf/libraries/shapes\pgflibraryshapes
.multipart.code.tex"
File: pgflibraryshapes.multipart.code.tex 2020/01/08 v3.1.5b (3.1.5b)
\pgfnodepartlowerbox=\box115
\pgfnodeparttwobox=\box116
\pgfnodepartthreebox=\box117
\pgfnodepartfourbox=\box118
\pgfnodeparttwentybox=\box119
\pgfnodepartnineteenbox=\box120
\pgfnodeparteighteenbox=\box121
\pgfnodepartseventeenbox=\box122
\pgfnodepartsixteenbox=\box123
\pgfnodepartfifteenbox=\box124
\pgfnodepartfourteenbox=\box125
\pgfnodepartthirteenbox=\box126
\pgfnodeparttwelvebox=\box127
\pgfnodepartelevenbox=\box128
\pgfnodeparttenbox=\box129
\pgfnodepartninebox=\box130
\pgfnodeparteightbox=\box131
\pgfnodepartsevenbox=\box132
\pgfnodepartsixbox=\box133
\pgfnodepartfivebox=\box134
)))
("C:\Program Files\MiKTeX 2.9\tex/generic/pgf/frontendlayer/tikz/libraries\tikz
libraryarrows.code.tex"
File: tikzlibraryarrows.code.tex 2020/01/08 v3.1.5b (3.1.5b)

("C:\Program Files\MiKTeX 2.9\tex/generic/pgf/libraries\pgflibraryarrows.code.t
ex"
File: pgflibraryarrows.code.tex 2020/01/08 v3.1.5b (3.1.5b)
\arrowsize=\dimen307
))) ("C:\Program Files\MiKTeX 2.9\tex/latex/tools\bm.sty"
Package: bm 2019/07/24 v1.2d Bold Symbol Support (DPC/FMi)
\symboldoperators=\mathgroup4
\symboldletters=\mathgroup5
\symboldsymbols=\mathgroup6
LaTeX Font Info:    Redeclaring math alphabet \mathbf on input line 141.
LaTeX Info: Redefining \bm on input line 209.
)
("C:\Program Files\MiKTeX 2.9\tex/latex/siunitx\siunitx.sty"
Package: siunitx 2020/02/25 v2.8b A comprehensive (SI) units package

("C:\Program Files\MiKTeX 2.9\tex/latex/amsmath\amstext.sty"
Package: amstext 2000/06/29 v2.01 AMS text

("C:\Program Files\MiKTeX 2.9\tex/latex/amsmath\amsgen.sty"
File: amsgen.sty 1999/11/30 v2.0 generic functions
\@emptytoks=\toks36
\ex@=\dimen308
))
("C:\Program Files\MiKTeX 2.9\tex/latex/l3packages/l3keys2e\l3keys2e.sty"
Package: l3keys2e 2020-05-15 LaTeX2e option processing using LaTeX3 keys
)
\l__siunitx_tmp_box=\box135
\l__siunitx_tmp_dim=\dimen309
\l__siunitx_tmp_int=\count338
\l__siunitx_number_mantissa_length_int=\count339
\l__siunitx_number_uncert_length_int=\count340
\l__siunitx_round_int=\count341
\l__siunitx_process_decimal_int=\count342
\l__siunitx_process_uncertainty_int=\count343
\l__siunitx_process_fixed_int=\count344
\l__siunitx_process_integer_min_int=\count345
\l__siunitx_process_precision_int=\count346
\l__siunitx_group_min_int=\count347
\l__siunitx_angle_marker_box=\box136
\l__siunitx_angle_unit_box=\box137
\l__siunitx_angle_marker_dim=\dimen310
\l__siunitx_angle_unit_dim=\dimen311
\l__siunitx_unit_int=\count348
\l__siunitx_unit_denominator_int=\count349
\l__siunitx_unit_numerator_int=\count350
\l__siunitx_unit_prefix_int=\count351
\l__siunitx_unit_prefix_base_int=\count352
\l__siunitx_unit_prefix_gram_int=\count353
\l__siunitx_number_product_int=\count354
\c__siunitx_one_fill_skip=\skip60
\l__siunitx_table_unit_align_skip=\skip61
\l__siunitx_table_exponent_dim=\dimen312
\l__siunitx_table_integer_dim=\dimen313
\l__siunitx_table_mantissa_dim=\dimen314
\l__siunitx_table_marker_dim=\dimen315
\l__siunitx_table_result_dim=\dimen316
\l__siunitx_table_uncert_dim=\dimen317
\l__siunitx_table_fill_pre_dim=\dimen318
\l__siunitx_table_fill_post_dim=\dimen319
\l__siunitx_table_fill_mid_dim=\dimen320
\l__siunitx_table_pre_box=\box138
\l__siunitx_table_post_box=\box139
\l__siunitx_table_mantissa_box=\box140
\l__siunitx_table_result_box=\box141
\l__siunitx_table_number_align_skip=\skip62
\l__siunitx_table_text_align_skip=\skip63

("C:\Program Files\MiKTeX 2.9\tex/latex/translator\translator.sty"
Package: translator 2020-08-03 v1.12c Easy translation of strings in LaTeX
))
("C:\Program Files\MiKTeX 2.9\tex/latex/psnfss\avant.sty"
Package: avant 2020/03/25 PSNFSS-v9.3 (SPQR) 
)
("C:\Program Files\MiKTeX 2.9\tex/latex/mathdesign\mathdesign.sty"
Package: mathdesign 2013/08/29 v2.31 Math Design Project

("C:\Program Files\MiKTeX 2.9\tex/latex/mathdesign/mdput\mdput.cfg")
("C:\Program Files\MiKTeX 2.9\tex/latex/mathdesign/mdput\mdput.sty"
Package: mdput 2013/08/29 v2.31 adobe utopia + mdput (Math Design Project)

("C:\Program Files\MiKTeX 2.9\tex/latex/mathdesign\mdfont.def"
File: mdfont.def 2013/08/29 v2.31 (Math Design Project)
)
("C:\Program Files\MiKTeX 2.9\tex/latex/mathdesign\mdsffont.def"
File: mdsffont.def 2013/08/29 v2.31 (Math Design Project)


LaTeX Warning: Font shape declaration has incorrect series value `mc'.
               It should not contain an `m'! Please correct it.
               Found on input line 53.


LaTeX Warning: Font shape declaration has incorrect series value `mc'.
               It should not contain an `m'! Please correct it.
               Found on input line 56.


LaTeX Warning: Font shape declaration has incorrect series value `mc'.
               It should not contain an `m'! Please correct it.
               Found on input line 59.


LaTeX Warning: Font shape declaration has incorrect series value `mc'.
               It should not contain an `m'! Please correct it.
               Found on input line 79.


LaTeX Warning: Font shape declaration has incorrect series value `mc'.
               It should not contain an `m'! Please correct it.
               Found on input line 102.


LaTeX Warning: Font shape declaration has incorrect series value `mc'.
               It should not contain an `m'! Please correct it.
               Found on input line 105.


LaTeX Warning: Font shape declaration has incorrect series value `mc'.
               It should not contain an `m'! Please correct it.
               Found on input line 108.


LaTeX Warning: Font shape declaration has incorrect series value `mc'.
               It should not contain an `m'! Please correct it.
               Found on input line 128.


LaTeX Warning: Font shape declaration has incorrect series value `mc'.
               It should not contain an `m'! Please correct it.
               Found on input line 259.


LaTeX Warning: Font shape declaration has incorrect series value `mc'.
               It should not contain an `m'! Please correct it.
               Found on input line 262.


LaTeX Warning: Font shape declaration has incorrect series value `mc'.
               It should not contain an `m'! Please correct it.
               Found on input line 265.


LaTeX Warning: Font shape declaration has incorrect series value `mc'.
               It should not contain an `m'! Please correct it.
               Found on input line 268.


LaTeX Warning: Font shape declaration has incorrect series value `mc'.
               It should not contain an `m'! Please correct it.
               Found on input line 313.


LaTeX Warning: Font shape declaration has incorrect series value `mc'.
               It should not contain an `m'! Please correct it.
               Found on input line 316.


LaTeX Warning: Font shape declaration has incorrect series value `mc'.
               It should not contain an `m'! Please correct it.
               Found on input line 319.


LaTeX Warning: Font shape declaration has incorrect series value `mc'.
               It should not contain an `m'! Please correct it.
               Found on input line 322.

) ("C:\Program Files\MiKTeX 2.9\tex/latex/mathdesign\mdttfont.def"
File: mdttfont.def 2013/08/29 v2.31 (Math Design Project)
)
\symmdcal=\mathgroup7
LaTeX Font Info:    Overwriting symbol font `mdcal' in version `bold'
(Font)                  OMS/mdput/m/n --> OMS/mdput/b/n on input line 97.
\symmdscr=\mathgroup8
LaTeX Font Info:    Overwriting symbol font `mdscr' in version `bold'
(Font)                  OMS/mdput/m/n --> OMS/mdput/b/n on input line 103.
LaTeX Font Info:    Overwriting math alphabet `\mathfrak' in version `bold'
(Font)                  U/xmdeuf/m/n --> U/xmdeuf/b/n on input line 110.
LaTeX Font Info:    Overwriting symbol font `operators' in version `normal'
(Font)                  OT1/cmr/m/n --> OT1/mdput/m/n on input line 121.
LaTeX Font Info:    Overwriting symbol font `letters' in version `normal'
(Font)                  OML/cmm/m/it --> OML/mdput/m/it on input line 122.
LaTeX Font Info:    Overwriting symbol font `symbols' in version `normal'
(Font)                  OMS/cmsy/m/n --> OMS/mdput/m/n on input line 123.
LaTeX Font Info:    Overwriting symbol font `largesymbols' in version `normal'
(Font)                  OMX/cmex/m/n --> OMX/mdput/m/n on input line 124.
LaTeX Font Info:    Overwriting symbol font `operators' in version `bold'
(Font)                  OT1/cmr/bx/n --> OT1/mdput/b/n on input line 126.
LaTeX Font Info:    Overwriting symbol font `letters' in version `bold'
(Font)                  OML/cmm/b/it --> OML/mdput/b/it on input line 127.
LaTeX Font Info:    Overwriting symbol font `symbols' in version `bold'
(Font)                  OMS/cmsy/b/n --> OMS/mdput/b/n on input line 128.
LaTeX Font Info:    Overwriting symbol font `largesymbols' in version `bold'
(Font)                  OMX/cmex/m/n --> OMX/mdput/b/n on input line 129.
LaTeX Font Info:    Overwriting math alphabet `\mathrm' in version `normal'
(Font)                  OT1/mdput/m/n --> OT1/mdput/m/n on input line 131.
LaTeX Font Info:    Overwriting math alphabet `\mathbf' in version `normal'
(Font)                  OT1/cmr/bx/n --> OT1/mdput/b/n on input line 132.
LaTeX Font Info:    Overwriting math alphabet `\mathit' in version `normal'
(Font)                  OT1/cmr/m/it --> OT1/mdput/m/it on input line 133.
LaTeX Font Info:    Overwriting math alphabet `\mathsf' in version `normal'
(Font)                  OT1/cmss/m/n --> OT1/pag/m/n on input line 134.
LaTeX Font Info:    Overwriting math alphabet `\mathtt' in version `normal'
(Font)                  OT1/cmtt/m/n --> OT1/cmtt/m/n on input line 135.
LaTeX Font Info:    Overwriting math alphabet `\mathrm' in version `bold'
(Font)                  OT1/mdput/b/n --> OT1/mdput/b/n on input line 137.
LaTeX Font Info:    Overwriting math alphabet `\mathbf' in version `bold'
(Font)                  OT1/cmr/bx/n --> OT1/mdput/b/n on input line 138.
LaTeX Font Info:    Overwriting math alphabet `\mathit' in version `bold'
(Font)                  OT1/cmr/bx/it --> OT1/mdput/b/it on input line 139.
LaTeX Font Info:    Overwriting math alphabet `\mathsf' in version `bold'
(Font)                  OT1/cmss/bx/n --> OT1/pag/b/n on input line 140.
LaTeX Font Info:    Overwriting math alphabet `\mathtt' in version `bold'
(Font)                  OT1/cmtt/m/n --> OT1/cmtt/b/n on input line 141.
\symlettersupright=\mathgroup9
LaTeX Font Info:    Overwriting symbol font `lettersupright' in version `bold'
(Font)                  OML/mdput/m/n --> OML/mdput/b/n on input line 144.
LaTeX Font Info:    Redeclaring math alphabet \mathrm on input line 145.
LaTeX Font Info:    Overwriting math alphabet `\mathcal' in version `normal'
(Font)                  OMS/mdput/m/n --> OMS/mdput/m/n on input line 167.

("C:\Program Files\MiKTeX 2.9\tex/latex/xkeyval\xkeyval.sty"
Package: xkeyval 2014/12/03 v2.7a package option processing (HA)

("C:\Program Files\MiKTeX 2.9\tex/generic/xkeyval\xkeyval.tex"
("C:\Program Files\MiKTeX 2.9\tex/generic/xkeyval\xkvutils.tex"
\XKV@toks=\toks37
\XKV@tempa@toks=\toks38
)
\XKV@depth=\count355
File: xkeyval.tex 2014/12/03 v2.7a key=value parser (HA)
))
LaTeX Font Info:    Trying to load font information for OT1+mdput on input line
 186.

("C:\Program Files\MiKTeX 2.9\tex/latex/mathdesign/mdput\ot1mdput.fd"
File: ot1mdput.fd 2013/08/29 Fontinst v1.933 font definitions for OT1/mdput.
)
LaTeX Font Info:    Font shape `OT1/mdput/m/n' will be
(Font)              scaled to size 9.40002pt on input line 186.
LaTeX Font Info:    Redeclaring math accent \widetilde on input line 449.
LaTeX Font Info:    Redeclaring math accent \widehat on input line 450.
Now handling font encoding MDA ...
... no UTF-8 mapping file for font encoding MDA
\symmathdesignA=\mathgroup10
LaTeX Font Info:    Overwriting symbol font `mathdesignA' in version `bold'
(Font)                  MDA/mdput/m/n --> MDA/mdput/b/n on input line 491.
Now handling font encoding MDB ...
... no UTF-8 mapping file for font encoding MDB
\symmathdesignB=\mathgroup11
LaTeX Font Info:    Overwriting symbol font `mathdesignB' in version `bold'
(Font)                  MDB/mdput/m/n --> MDB/mdput/b/n on input line 498.
LaTeX Font Info:    Redeclaring math accent \widetilde on input line 532.
LaTeX Font Info:    Redeclaring math accent \widehat on input line 533.
\rulethickness=\skip64
)
("C:\Program Files\MiKTeX 2.9\tex/latex/base\fontenc.sty"
Package: fontenc 2020/02/11 v2.0o Standard LaTeX package
LaTeX Font Info:    Trying to load font information for T1+mdput on input line 
112.

("C:\Program Files\MiKTeX 2.9\tex/latex/mathdesign/mdput\t1mdput.fd"
File: t1mdput.fd 2013/08/29 Fontinst v1.933 font definitions for T1/mdput.
)
LaTeX Font Info:    Font shape `T1/mdput/m/n' will be
(Font)              scaled to size 9.40002pt on input line 112.
))
("C:\Program Files\MiKTeX 2.9\tex/latex/microtype\microtype.sty"
Package: microtype 2019/11/18 v2.7d Micro-typographical refinements (RS)
\MT@toks=\toks39
\MT@count=\count356
LaTeX Info: Redefining \textls on input line 790.
\MT@outer@kern=\dimen321
LaTeX Info: Redefining \textmicrotypecontext on input line 1354.
\MT@listname@count=\count357

("C:\Program Files\MiKTeX 2.9\tex/latex/microtype\microtype-pdftex.def"
File: microtype-pdftex.def 2019/11/18 v2.7d Definitions specific to pdftex (RS)

LaTeX Info: Redefining \lsstyle on input line 914.
LaTeX Info: Redefining \lslig on input line 914.
\MT@outer@space=\skip65
)
Package microtype Info: Loading configuration file microtype.cfg.

("C:\Program Files\MiKTeX 2.9\tex/latex/microtype\microtype.cfg"
File: microtype.cfg 2019/11/18 v2.7d microtype main configuration file (RS)
))
("C:\Program Files\MiKTeX 2.9\tex/latex/base\inputenc.sty"
Package: inputenc 2018/08/11 v1.3c Input encoding file
\inpenc@prehook=\toks40
\inpenc@posthook=\toks41
)
("C:\Program Files\MiKTeX 2.9\tex/latex/base\fontenc.sty"
Package: fontenc 2020/02/11 v2.0o Standard LaTeX package
)
("C:\Program Files\MiKTeX 2.9\tex/latex/biblatex\biblatex.sty"
Package: biblatex 2020/08/23 v3.15a programmable bibliographies (PK/MW)

("C:\Program Files\MiKTeX 2.9\tex/latex/logreq\logreq.sty"
Package: logreq 2010/08/04 v1.0 xml request logger
\lrq@indent=\count358

("C:\Program Files\MiKTeX 2.9\tex/latex/logreq\logreq.def"
File: logreq.def 2010/08/04 v1.0 logreq spec v1.0
))
\c@tabx@nest=\count359
\c@listtotal=\count360
\c@listcount=\count361
\c@liststart=\count362
\c@liststop=\count363
\c@citecount=\count364
\c@citetotal=\count365
\c@multicitecount=\count366
\c@multicitetotal=\count367
\c@instcount=\count368
\c@maxnames=\count369
\c@minnames=\count370
\c@maxitems=\count371
\c@minitems=\count372
\c@citecounter=\count373
\c@maxcitecounter=\count374
\c@savedcitecounter=\count375
\c@uniquelist=\count376
\c@uniquename=\count377
\c@refsection=\count378
\c@refsegment=\count379
\c@maxextratitle=\count380
\c@maxextratitleyear=\count381
\c@maxextraname=\count382
\c@maxextradate=\count383
\c@maxextraalpha=\count384
\c@abbrvpenalty=\count385
\c@highnamepenalty=\count386
\c@lownamepenalty=\count387
\c@maxparens=\count388
\c@parenlevel=\count389
\blx@tempcnta=\count390
\blx@tempcntb=\count391
\blx@tempcntc=\count392
\blx@maxsection=\count393
\blx@maxsegment@0=\count394
\blx@notetype=\count395
\blx@parenlevel@text=\count396
\blx@parenlevel@foot=\count397
\blx@sectionciteorder@0=\count398
\blx@entrysetcounter=\count399
\blx@biblioinstance=\count400
\labelnumberwidth=\skip66
\labelalphawidth=\skip67
\biblabelsep=\skip68
\bibitemsep=\skip69
\bibnamesep=\skip70
\bibinitsep=\skip71
\bibparsep=\skip72
\bibhang=\skip73
\blx@bcfin=\read6
\blx@bcfout=\write6
\blx@langwohyphens=\language84
\c@mincomprange=\count401
\c@maxcomprange=\count402
\c@mincompwidth=\count403
Package biblatex Info: Trying to load biblatex default data model...
Package biblatex Info: ... file 'blx-dm.def' found.

("C:\Program Files\MiKTeX 2.9\tex/latex/biblatex\blx-dm.def"
File: blx-dm.def 2020/08/23 v3.15a biblatex localization (PK/MW)
)
Package biblatex Info: Trying to load biblatex style data model...
Package biblatex Info: ... file 'alphabetic.dbx' not found.
Package biblatex Info: Trying to load biblatex custom data model...
Package biblatex Info: ... file 'biblatex-dm.cfg' not found.
\c@afterword=\count404
\c@savedafterword=\count405
\c@annotator=\count406
\c@savedannotator=\count407
\c@author=\count408
\c@savedauthor=\count409
\c@bookauthor=\count410
\c@savedbookauthor=\count411
\c@commentator=\count412
\c@savedcommentator=\count413
\c@editor=\count414
\c@savededitor=\count415
\c@editora=\count416
\c@savededitora=\count417
\c@editorb=\count418
\c@savededitorb=\count419
\c@editorc=\count420
\c@savededitorc=\count421
\c@foreword=\count422
\c@savedforeword=\count423
\c@holder=\count424
\c@savedholder=\count425
\c@introduction=\count426
\c@savedintroduction=\count427
\c@namea=\count428
\c@savednamea=\count429
\c@nameb=\count430
\c@savednameb=\count431
\c@namec=\count432
\c@savednamec=\count433
\c@translator=\count434
\c@savedtranslator=\count435
\c@shortauthor=\count436
\c@savedshortauthor=\count437
\c@shorteditor=\count438
\c@savedshorteditor=\count439
\c@labelname=\count440
\c@savedlabelname=\count441
\c@institution=\count442
\c@savedinstitution=\count443
\c@lista=\count444
\c@savedlista=\count445
\c@listb=\count446
\c@savedlistb=\count447
\c@listc=\count448
\c@savedlistc=\count449
\c@listd=\count450
\c@savedlistd=\count451
\c@liste=\count452
\c@savedliste=\count453
\c@listf=\count454
\c@savedlistf=\count455
\c@location=\count456
\c@savedlocation=\count457
\c@organization=\count458
\c@savedorganization=\count459
\c@origlocation=\count460
\c@savedoriglocation=\count461
\c@origpublisher=\count462
\c@savedorigpublisher=\count463
\c@publisher=\count464
\c@savedpublisher=\count465
\c@language=\count466
\c@savedlanguage=\count467
\c@origlanguage=\count468
\c@savedoriglanguage=\count469
\c@pageref=\count470
\c@savedpageref=\count471
\shorthandwidth=\skip74
\shortjournalwidth=\skip75
\shortserieswidth=\skip76
\shorttitlewidth=\skip77
\shortauthorwidth=\skip78
\shorteditorwidth=\skip79
\locallabelnumberwidth=\skip80
\locallabelalphawidth=\skip81
\localshorthandwidth=\skip82
\localshortjournalwidth=\skip83
\localshortserieswidth=\skip84
\localshorttitlewidth=\skip85
\localshortauthorwidth=\skip86
\localshorteditorwidth=\skip87
Package biblatex Info: Trying to load compatibility code...
Package biblatex Info: ... file 'blx-compat.def' found.

("C:\Program Files\MiKTeX 2.9\tex/latex/biblatex\blx-compat.def"
File: blx-compat.def 2020/08/23 v3.15a biblatex compatibility (PK/MW)
)
Package biblatex Info: expl3
(biblatex)             2020-09-03 L3 programming layer (loader) 
(biblatex)             is new enough (at least 2020/04/06),
(biblatex)             setting 'casechanger=expl3'.
Package biblatex Info: Trying to load expl3 case changing code...
Package biblatex Info: ... file 'blx-case-expl3.def' found.

("C:\Program Files\MiKTeX 2.9\tex/latex/biblatex\blx-case-expl3.def"
File: blx-case-expl3 2020/08/23 v3.15a expl3 case changing code for biblatex
)
Package biblatex Info: Trying to load generic definitions...
Package biblatex Info: ... file 'biblatex.def' found.

("C:\Program Files\MiKTeX 2.9\tex/latex/biblatex\biblatex.def"
File: biblatex.def 2020/08/23 v3.15a biblatex compatibility (PK/MW)
\c@textcitecount=\count472
\c@textcitetotal=\count473
\c@textcitemaxnames=\count474
\c@biburlbigbreakpenalty=\count475
\c@biburlbreakpenalty=\count476
\c@biburlnumpenalty=\count477
\c@biburlucpenalty=\count478
\c@biburllcpenalty=\count479
\biburlbigskip=\muskip17
\biburlnumskip=\muskip18
\biburlucskip=\muskip19
\biburllcskip=\muskip20
\c@smartand=\count480
)
Package biblatex Info: Trying to load bibliography style 'alphabetic'...
Package biblatex Info: ... file 'alphabetic.bbx' found.

("C:\Program Files\MiKTeX 2.9\tex/latex/biblatex/bbx\alphabetic.bbx"
File: alphabetic.bbx 2020/08/23 v3.15a biblatex bibliography style (PK/MW)
Package biblatex Info: Trying to load bibliography style 'standard'...
Package biblatex Info: ... file 'standard.bbx' found.

("C:\Program Files\MiKTeX 2.9\tex/latex/biblatex/bbx\standard.bbx"
File: standard.bbx 2020/08/23 v3.15a biblatex bibliography style (PK/MW)
\c@bbx:relatedcount=\count481
\c@bbx:relatedtotal=\count482
))
Package biblatex Info: Trying to load citation style 'numeric'...
Package biblatex Info: ... file 'numeric.cbx' found.

("C:\Program Files\MiKTeX 2.9\tex/latex/biblatex/cbx\numeric.cbx"
File: numeric.cbx 2020/08/23 v3.15a biblatex citation style (PK/MW)
Package biblatex Info: Redefining '\cite'.
Package biblatex Info: Redefining '\parencite'.
Package biblatex Info: Redefining '\footcite'.
Package biblatex Info: Redefining '\footcitetext'.
Package biblatex Info: Redefining '\smartcite'.
Package biblatex Info: Redefining '\supercite'.
Package biblatex Info: Redefining '\textcite'.
Package biblatex Info: Redefining '\textcites'.
Package biblatex Info: Redefining '\cites'.
Package biblatex Info: Redefining '\parencites'.
Package biblatex Info: Redefining '\smartcites'.
)
Package biblatex Info: Trying to load configuration file...
Package biblatex Info: ... file 'biblatex.cfg' found.

("C:\Program Files\MiKTeX 2.9\tex/latex/biblatex\biblatex.cfg"
File: biblatex.cfg 
))
("C:\Program Files\MiKTeX 2.9\tex/latex/base\makeidx.sty"
Package: makeidx 2014/09/29 v1.0m Standard LaTeX package
)
\@indexfile=\write7
\openout7 = `TD_Classique_02_Iris_PDF.idx'.


Writing index file TD_Classique_02_Iris_PDF.idx
("C:\Program Files\MiKTeX 2.9\tex/latex/titlesec\titletoc.sty"
Package: titletoc 2019/10/16 v2.13 TOC entries
\ttl@leftsep=\dimen322
)
("C:\Program Files\MiKTeX 2.9\tex/latex/fancyhdr\fancyhdr.sty"
Package: fancyhdr 2019/01/31 v3.10 Extensive control of page headers and footer
s
\f@nch@headwidth=\skip88
\f@nch@O@elh=\skip89
\f@nch@O@erh=\skip90
\f@nch@O@olh=\skip91
\f@nch@O@orh=\skip92
\f@nch@O@elf=\skip93
\f@nch@O@erf=\skip94
\f@nch@O@olf=\skip95
\f@nch@O@orf=\skip96
)
("C:\Program Files\MiKTeX 2.9\tex/latex/amsmath\amsmath.sty"
Package: amsmath 2020/01/20 v2.17e AMS math features
\@mathmargin=\skip97

For additional information on amsmath, use the `?' option.
("C:\Program Files\MiKTeX 2.9\tex/latex/amsmath\amsbsy.sty"
Package: amsbsy 1999/11/29 v1.2d Bold Symbols
LaTeX Info: Redefining \boldsymbol on input line 28.
\pmbraise@=\dimen323
)
("C:\Program Files\MiKTeX 2.9\tex/latex/amsmath\amsopn.sty"
Package: amsopn 2016/03/08 v2.02 operator names
)
\inf@bad=\count483
LaTeX Info: Redefining \frac on input line 227.
\uproot@=\count484
\leftroot@=\count485
LaTeX Info: Redefining \overline on input line 389.
\classnum@=\count486
\DOTSCASE@=\count487
LaTeX Info: Redefining \ldots on input line 486.
LaTeX Info: Redefining \dots on input line 489.
LaTeX Info: Redefining \cdots on input line 610.
\Mathstrutbox@=\box142
\strutbox@=\box143
\big@size=\dimen324
LaTeX Font Info:    Redeclaring font encoding OML on input line 733.
LaTeX Font Info:    Redeclaring font encoding OMS on input line 734.
\macc@depth=\count488
\c@MaxMatrixCols=\count489
\dotsspace@=\muskip21
\c@parentequation=\count490
\dspbrk@lvl=\count491
\tag@help=\toks42
\row@=\count492
\column@=\count493
\maxfields@=\count494
\andhelp@=\toks43
\eqnshift@=\dimen325
\alignsep@=\dimen326
\tagshift@=\dimen327
\tagwidth@=\dimen328
\totwidth@=\dimen329
\lineht@=\dimen330
\@envbody=\toks44
\multlinegap=\skip98
\multlinetaggap=\skip99
\mathdisplay@stack=\toks45
LaTeX Info: Redefining \[ on input line 2859.
LaTeX Info: Redefining \] on input line 2860.
)
("C:\Program Files\MiKTeX 2.9\tex/latex/amscls\amsthm.sty"
Package: amsthm 2020/05/29 v2.20.6
\thm@style=\toks46
\thm@bodyfont=\toks47
\thm@headfont=\toks48
\thm@notefont=\toks49
\thm@headpunct=\toks50
\thm@preskip=\skip100
\thm@postskip=\skip101
\thm@headsep=\skip102
\dth@everypar=\toks51
)
\c@notation=\count495
\c@dummy=\count496
\c@problem=\count497
\c@exerciseT=\count498
\c@exempleT=\count499
\c@termT=\count500
\c@pyT=\count501
\c@sciT=\count502
\c@pseudoT=\count503
\c@sqlT=\count504
\c@vocabulary=\count505
\c@definitionT=\count506
\c@propT=\count507
\c@rappelT=\count508
\c@demoT=\count509
\c@hypoT=\count510
\c@titrepartieT=\count511
\c@titrechapitreT=\count512

("C:\Program Files\MiKTeX 2.9\tex/latex/mdframed\mdframed.sty"
Package: mdframed 2013/07/01 1.9b: mdframed

("C:\Program Files\MiKTeX 2.9\tex/latex/zref\zref-abspage.sty"
Package: zref-abspage 2020-05-28 v2.31 Module abspage for zref (HO)

("C:\Program Files\MiKTeX 2.9\tex/latex/zref\zref-base.sty"
Package: zref-base 2020-05-28 v2.31 Module base for zref (HO)
Package zref Info: New property list: main on input line 763.
Package zref Info: New property: default on input line 764.
Package zref Info: New property: page on input line 765.
)
\c@abspage=\count513
Package zref Info: New property: abspage on input line 66.
)
("C:\Program Files\MiKTeX 2.9\tex/latex/needspace\needspace.sty"
Package: needspace 2010/09/12 v1.3d reserve vertical space
)
\mdf@templength=\skip103
\c@mdf@globalstyle@cnt=\count514
\mdf@skipabove@length=\skip104
\mdf@skipbelow@length=\skip105
\mdf@leftmargin@length=\skip106
\mdf@rightmargin@length=\skip107
\mdf@innerleftmargin@length=\skip108
\mdf@innerrightmargin@length=\skip109
\mdf@innertopmargin@length=\skip110
\mdf@innerbottommargin@length=\skip111
\mdf@splittopskip@length=\skip112
\mdf@splitbottomskip@length=\skip113
\mdf@outermargin@length=\skip114
\mdf@innermargin@length=\skip115
\mdf@linewidth@length=\skip116
\mdf@innerlinewidth@length=\skip117
\mdf@middlelinewidth@length=\skip118
\mdf@outerlinewidth@length=\skip119
\mdf@roundcorner@length=\skip120
\mdf@footenotedistance@length=\skip121
\mdf@userdefinedwidth@length=\skip122
\mdf@needspace@length=\skip123
\mdf@frametitleaboveskip@length=\skip124
\mdf@frametitlebelowskip@length=\skip125
\mdf@frametitlerulewidth@length=\skip126
\mdf@frametitleleftmargin@length=\skip127
\mdf@frametitlerightmargin@length=\skip128
\mdf@shadowsize@length=\skip129
\mdf@extratopheight@length=\skip130
\mdf@subtitleabovelinewidth@length=\skip131
\mdf@subtitlebelowlinewidth@length=\skip132
\mdf@subtitleaboveskip@length=\skip133
\mdf@subtitlebelowskip@length=\skip134
\mdf@subtitleinneraboveskip@length=\skip135
\mdf@subtitleinnerbelowskip@length=\skip136
\mdf@subsubtitleabovelinewidth@length=\skip137
\mdf@subsubtitlebelowlinewidth@length=\skip138
\mdf@subsubtitleaboveskip@length=\skip139
\mdf@subsubtitlebelowskip@length=\skip140
\mdf@subsubtitleinneraboveskip@length=\skip141
\mdf@subsubtitleinnerbelowskip@length=\skip142

("C:\Program Files\MiKTeX 2.9\tex/latex/mdframed\md-frame-1.mdf"
File: md-frame-1.mdf 2013/07/01\ 1.9b: md-frame-1
)
\mdf@frametitlebox=\box144
\mdf@footnotebox=\box145
\mdf@splitbox@one=\box146
\mdf@splitbox@two=\box147
\mdf@splitbox@save=\box148
\mdfsplitboxwidth=\skip143
\mdfsplitboxtotalwidth=\skip144
\mdfsplitboxheight=\skip145
\mdfsplitboxdepth=\skip146
\mdfsplitboxtotalheight=\skip147
\mdfframetitleboxwidth=\skip148
\mdfframetitleboxtotalwidth=\skip149
\mdfframetitleboxheight=\skip150
\mdfframetitleboxdepth=\skip151
\mdfframetitleboxtotalheight=\skip152
\mdffootnoteboxwidth=\skip153
\mdffootnoteboxtotalwidth=\skip154
\mdffootnoteboxheight=\skip155
\mdffootnoteboxdepth=\skip156
\mdffootnoteboxtotalheight=\skip157
\mdftotallinewidth=\skip158
\mdfboundingboxwidth=\skip159
\mdfboundingboxtotalwidth=\skip160
\mdfboundingboxheight=\skip161
\mdfboundingboxdepth=\skip162
\mdfboundingboxtotalheight=\skip163
\mdf@freevspace@length=\skip164
\mdf@horizontalwidthofbox@length=\skip165
\mdf@verticalmarginwhole@length=\skip166
\mdf@horizontalspaceofbox=\skip167
\mdfsubtitleheight=\skip168
\mdfsubsubtitleheight=\skip169
\c@mdfcountframes=\count515

****** mdframed patching \endmdf@trivlist

****** -- success******

\mdf@envdepth=\count516
\c@mdf@env@i=\count517
\c@mdf@env@ii=\count518
\c@mdf@zref@counter=\count519
Package zref Info: New property: mdf@pagevalue on input line 895.
)

Package hyperref Warning: Option `backref' has already been used,
(hyperref)                setting the option has no effect on input line 796.


Package hyperref Warning: Option `pagebackref' has already been used,
(hyperref)                setting the option has no effect on input line 796.


Package hyperref Warning: Option `hyperindex' has already been used,
(hyperref)                setting the option has no effect on input line 796.

Package hyperref Info: Option `colorlinks' set `false' on input line 796.
Package hyperref Info: Option `breaklinks' set `true' on input line 796.

Package hyperref Warning: Option `bookmarks' has already been used,
(hyperref)                setting the option has no effect on input line 796.

Package hyperref Info: Option `bookmarksopen' set `false' on input line 796.
("C:\Program Files\MiKTeX 2.9\tex/latex/bookmark\bookmark.sty"
Package: bookmark 2019/12/03 v1.28 PDF bookmarks (HO)

("C:\Program Files\MiKTeX 2.9\tex/latex/bookmark\bkm-pdftex.def"
File: bkm-pdftex.def 2019/12/03 v1.28 bookmark driver for pdfTeX (HO)
\BKM@id=\count520
))
\c@exo=\count521

("C:\Program Files\MiKTeX 2.9\tex/latex/base\textcomp.sty"
Package: textcomp 2020/02/02 v2.0n Standard LaTeX package
))
(../../style/macros_SII.tex) (../../style/Cycle_00_IA.tex)
runsystem(for ^%i in (pygmentize.exe pygmentize.bat pygmentize.cmd) do set > TD
_Classique_02_Iris_PDF.aex <nul: /p x=^%~$PATH:i>> TD_Classique_02_Iris_PDF.aex
)...executed.

runsystem(del TD_Classique_02_Iris_PDF.aex)...executed.



Package biblatex Warning: 'babel/polyglossia' detected but 'csquotes' missing.
(biblatex)                Loading 'csquotes' recommended.

\@quotelevel=\count522
\@quotereset=\count523
(TD_Classique_02_Iris_PDF.aux)
\openout1 = `TD_Classique_02_Iris_PDF.aux'.

LaTeX Font Info:    Checking defaults for OML/cmm/m/it on input line 20.
LaTeX Font Info:    ... okay on input line 20.
LaTeX Font Info:    Checking defaults for OMS/cmsy/m/n on input line 20.
LaTeX Font Info:    ... okay on input line 20.
LaTeX Font Info:    Checking defaults for OT1/cmr/m/n on input line 20.
LaTeX Font Info:    ... okay on input line 20.
LaTeX Font Info:    Checking defaults for T1/cmr/m/n on input line 20.
LaTeX Font Info:    ... okay on input line 20.
LaTeX Font Info:    Checking defaults for TS1/cmr/m/n on input line 20.
LaTeX Font Info:    ... okay on input line 20.
LaTeX Font Info:    Checking defaults for OMX/cmex/m/n on input line 20.
LaTeX Font Info:    ... okay on input line 20.
LaTeX Font Info:    Checking defaults for U/cmr/m/n on input line 20.
LaTeX Font Info:    ... okay on input line 20.
LaTeX Font Info:    Checking defaults for PD1/pdf/m/n on input line 20.
LaTeX Font Info:    ... okay on input line 20.
LaTeX Font Info:    Checking defaults for MDA/cmr/m/n on input line 20.
LaTeX Font Info:    Trying to load font information for MDA+cmr on input line 2
0.

("C:\Program Files\MiKTeX 2.9\tex/latex/mathdesign\mdacmr.fd"
File: mdacmr.fd 
)
LaTeX Font Info:    ... okay on input line 20.
LaTeX Font Info:    Checking defaults for MDB/cmr/m/n on input line 20.
LaTeX Font Info:    Trying to load font information for MDB+cmr on input line 2
0.

("C:\Program Files\MiKTeX 2.9\tex/latex/mathdesign\mdbcmr.fd"
File: mdbcmr.fd 
)
LaTeX Font Info:    ... okay on input line 20.
\AtBeginShipoutBox=\box149
Package hyperref Info: Link coloring OFF on input line 20.

("C:\Program Files\MiKTeX 2.9\tex/latex/hyperref\nameref.sty"
Package: nameref 2019/09/16 v2.46 Cross-referencing by name of section

("C:\Program Files\MiKTeX 2.9\tex/latex/refcount\refcount.sty"
Package: refcount 2019/12/15 v3.6 Data extraction from label references (HO)
)
("C:\Program Files\MiKTeX 2.9\tex/generic/gettitlestring\gettitlestring.sty"
Package: gettitlestring 2019/12/15 v1.6 Cleanup title references (HO)
)
\c@section@level=\count524
)
LaTeX Info: Redefining \ref on input line 20.
LaTeX Info: Redefining \pageref on input line 20.
LaTeX Info: Redefining \nameref on input line 20.

*geometry* driver: auto-detecting
*geometry* detected driver: pdftex
*geometry* verbose mode - [ preamble ] result:
* driver: pdftex
* paper: a4paper
* layout: <same size as paper>
* layoutoffset:(h,v)=(0.0pt,0.0pt)
* modes: 
* h-part:(L,W,R)=(56.9055pt, 483.69687pt, 56.9055pt)
* v-part:(T,H,B)=(56.9055pt, 731.23584pt, 56.9055pt)
* \paperwidth=597.50787pt
* \paperheight=845.04684pt
* \textwidth=483.69687pt
* \textheight=731.23584pt
* \oddsidemargin=-15.36449pt
* \evensidemargin=-15.36449pt
* \topmargin=-52.36449pt
* \headheight=12.0pt
* \headsep=25.0pt
* \topskip=10.0pt
* \footskip=30.0pt
* \marginparwidth=65.0pt
* \marginparsep=11.0pt
* \columnsep=10.0pt
* \skip\footins=9.0pt plus 4.0pt minus 2.0pt
* \hoffset=0.0pt
* \voffset=0.0pt
* \mag=1000
* \@twocolumnfalse
* \@twosidefalse
* \@mparswitchfalse
* \@reversemarginfalse
* (1in=72.27pt=25.4mm, 1cm=28.453pt)

("C:\Program Files\MiKTeX 2.9\tex/context/base/mkii\supp-pdf.mkii"
[Loading MPS to PDF converter (version 2006.09.02).]
\scratchcounter=\count525
\scratchdimen=\dimen331
\scratchbox=\box150
\nofMPsegments=\count526
\nofMParguments=\count527
\everyMPshowfont=\toks52
\MPscratchCnt=\count528
\MPscratchDim=\dimen332
\MPnumerator=\count529
\makeMPintoPDFobject=\count530
\everyMPtoPDFconversion=\toks53
) ("C:\Program Files\MiKTeX 2.9\tex/latex/epstopdf-pkg\epstopdf-base.sty"
Package: epstopdf-base 2020-01-24 v2.11 Base part for package epstopdf
Package epstopdf-base Info: Redefining graphics rule for `.eps' on input line 4
85.
)
ABD: EveryShipout initializing macros
LaTeX Info: Redefining \degres on input line 20.
LaTeX Info: Redefining \dots on input line 20.
LaTeX Info: Redefining \up on input line 20.

("C:\Program Files\MiKTeX 2.9\tex/latex/translator\translator-basic-dictionary-
English.dict"
Dictionary: translator-basic-dictionary, Language: English 
)
("C:\Program Files\MiKTeX 2.9\tex/latex/siunitx\siunitx-abbreviations.cfg"
File: siunitx-abbreviations.cfg 2017/11/26 v2.7k siunitx: Abbreviated units
)
LaTeX Info: Redefining \microtypecontext on input line 20.
Package microtype Info: Generating PDF output.
Package microtype Info: Character protrusion enabled (level 2).
Package microtype Info: Using default protrusion set `alltext'.
Package microtype Info: Automatic font expansion enabled (level 2),
(microtype)             stretch: 20, shrink: 20, step: 1, non-selected.
Package microtype Info: Using default expansion set `basictext'.
LaTeX Info: Redefining \showhyphens on input line 20.
Package microtype Info: No adjustment of tracking.
Package microtype Info: No adjustment of interword spacing.
Package microtype Info: No adjustment of character kerning.
Package microtype Info: Loading generic protrusion settings for font family
(microtype)             `mdput' (encoding: T1).
(microtype)             For optimal results, create family-specific settings.
(microtype)             See the microtype manual for details.
Package biblatex Info: Trying to load language 'francais'...
Package biblatex Info: ... file 'francais.lbx' not found.


Package biblatex Warning: Language 'francais' not supported.
(biblatex)                Using dummy definitions on input line 20.

Package biblatex Info: Trying to load language 'french'...
Package biblatex Info: ... file 'french.lbx' found.
("C:\Program Files\MiKTeX 2.9\tex/latex/biblatex/lbx\french.lbx"
File: french.lbx 2020/08/23 v3.15a biblatex localization (PK/MW)
)
Package biblatex Info: Input encoding 'utf8' detected.
Package biblatex Info: Automatic encoding selection.
(biblatex)             Assuming data encoding 'utf8'.
\openout6 = `TD_Classique_02_Iris_PDF.bcf'.

Package biblatex Info: Trying to load bibliographic data...
Package biblatex Info: ... file 'TD_Classique_02_Iris_PDF.bbl' not found.

No file TD_Classique_02_Iris_PDF.bbl.
Package biblatex Info: Reference section=0 on input line 20.
Package biblatex Info: Reference segment=0 on input line 20.
Package microtype Info: Loading generic protrusion settings for font family
(microtype)             `mdput' (encoding: OT1).
(microtype)             For optimal results, create family-specific settings.
(microtype)             See the microtype manual for details.
LaTeX Font Info:    Font shape `OT1/mdput/m/n' will be
(Font)              scaled to size 6.58002pt on input line 20.
LaTeX Font Info:    Font shape `OT1/mdput/m/n' will be
(Font)              scaled to size 4.70001pt on input line 20.
LaTeX Font Info:    Trying to load font information for OML+mdput on input line
 20.
("C:\Program Files\MiKTeX 2.9\tex/latex/mathdesign/mdput\omlmdput.fd"
File: omlmdput.fd 2013/08/29 Fontinst v1.933 font definitions for OML/mdput.
)
LaTeX Font Info:    Font shape `OML/mdput/m/it' will be
(Font)              scaled to size 9.40002pt on input line 20.
LaTeX Font Info:    Font shape `OML/mdput/m/it' will be
(Font)              scaled to size 6.58002pt on input line 20.
LaTeX Font Info:    Font shape `OML/mdput/m/it' will be
(Font)              scaled to size 4.70001pt on input line 20.
LaTeX Font Info:    Trying to load font information for OMS+mdput on input line
 20.

("C:\Program Files\MiKTeX 2.9\tex/latex/mathdesign/mdput\omsmdput.fd"
File: omsmdput.fd 2013/08/29 Fontinst v1.933 font definitions for OMS/mdput.
)
LaTeX Font Info:    Font shape `OMS/mdput/m/n' will be
(Font)              scaled to size 9.40002pt on input line 20.
LaTeX Font Info:    Font shape `OMS/mdput/m/n' will be
(Font)              scaled to size 6.58002pt on input line 20.
LaTeX Font Info:    Font shape `OMS/mdput/m/n' will be
(Font)              scaled to size 4.70001pt on input line 20.
LaTeX Font Info:    Trying to load font information for OMX+mdput on input line
 20.

("C:\Program Files\MiKTeX 2.9\tex/latex/mathdesign/mdput\omxmdput.fd"
File: omxmdput.fd 2013/08/29 Fontinst v1.933 font definitions for OMX/mdput.
)
LaTeX Font Info:    Font shape `OMX/mdput/m/n' will be
(Font)              scaled to size 9.40002pt on input line 20.
LaTeX Font Info:    Font shape `OMX/mdput/m/n' will be
(Font)              scaled to size 6.58002pt on input line 20.
LaTeX Font Info:    Font shape `OMX/mdput/m/n' will be
(Font)              scaled to size 4.70001pt on input line 20.

("C:\Program Files\MiKTeX 2.9\tex/latex/microtype\mt-cmr.cfg"
File: mt-cmr.cfg 2013/05/19 v2.2 microtype config. file: Computer Modern Roman 
(RS)
)
LaTeX Font Info:    Font shape `OML/mdput/m/n' will be
(Font)              scaled to size 9.40002pt on input line 20.
LaTeX Font Info:    Font shape `OML/mdput/m/n' will be
(Font)              scaled to size 6.58002pt on input line 20.
LaTeX Font Info:    Font shape `OML/mdput/m/n' will be
(Font)              scaled to size 4.70001pt on input line 20.
LaTeX Font Info:    Trying to load font information for MDA+mdput on input line
 20.

("C:\Program Files\MiKTeX 2.9\tex/latex/mathdesign/mdput\mdamdput.fd"
File: mdamdput.fd 2013/08/29 Fontinst v1.933 font definitions for MDA/mdput.
)
LaTeX Font Info:    Font shape `MDA/mdput/m/n' will be
(Font)              scaled to size 9.40002pt on input line 20.
LaTeX Font Info:    Font shape `MDA/mdput/m/n' will be
(Font)              scaled to size 6.58002pt on input line 20.
LaTeX Font Info:    Font shape `MDA/mdput/m/n' will be
(Font)              scaled to size 4.70001pt on input line 20.
LaTeX Font Info:    Trying to load font information for MDB+mdput on input line
 20.

("C:\Program Files\MiKTeX 2.9\tex/latex/mathdesign/mdput\mdbmdput.fd"
File: mdbmdput.fd 2013/08/29 Fontinst v1.933 font definitions for MDB/mdput.
)
LaTeX Font Info:    Font shape `MDB/mdput/m/n' will be
(Font)              scaled to size 9.40002pt on input line 20.
LaTeX Font Info:    Font shape `MDB/mdput/m/n' will be
(Font)              scaled to size 6.58002pt on input line 20.
LaTeX Font Info:    Font shape `MDB/mdput/m/n' will be
(Font)              scaled to size 4.70001pt on input line 20.
LaTeX Font Info:    Trying to load font information for OT1+pag on input line 2
0.

("C:\Program Files\MiKTeX 2.9\tex/latex/psnfss\ot1pag.fd"
File: ot1pag.fd 2001/06/04 font definitions for OT1/pag.
)
Package microtype Info: Loading generic protrusion settings for font family
(microtype)             `pag' (encoding: OT1).
(microtype)             For optimal results, create family-specific settings.
(microtype)             See the microtype manual for details.
LaTeX Font Info:    Font shape `OT1/cmtt/m/n' will be
(Font)              scaled to size 10.70007pt on input line 20.
Package microtype Info: Loading generic protrusion settings for font family
(microtype)             `cmtt' (encoding: OT1).
(microtype)             For optimal results, create family-specific settings.
(microtype)             See the microtype manual for details.
LaTeX Font Info:    Font shape `OT1/cmtt/m/n' will be
(Font)              scaled to size 7.49005pt on input line 20.
LaTeX Font Info:    Font shape `OT1/cmtt/m/n' will be
(Font)              scaled to size 5.35004pt on input line 20.

(TD_Classique_02_Iris.tex (../../style/new_pagegarde.tex
LaTeX Font Info:    Font shape `T1/mdput/m/n' will be
(Font)              scaled to size 19.49565pt on input line 144.
LaTeX Font Info:    Trying to load font information for T1+pag on input line 14
4.

("C:\Program Files\MiKTeX 2.9\tex/latex/psnfss\t1pag.fd"
File: t1pag.fd 2001/06/04 font definitions for T1/pag.
)
Package microtype Info: Loading generic protrusion settings for font family
(microtype)             `pag' (encoding: T1).
(microtype)             For optimal results, create family-specific settings.
(microtype)             See the microtype manual for details.
LaTeX Font Info:    Font shape `T1/pag/b/n' in size <20.74> not available
(Font)              Font shape `T1/pag/db/n' tried instead on input line 144.
LaTeX Font Info:    Font shape `T1/pag/b/n' in size <17.28> not available
(Font)              Font shape `T1/pag/db/n' tried instead on input line 147.


LaTeX Font Warning: Font shape `T1/pag/b/fsc' undefined
(Font)              using `T1/pag/b/n' instead on input line 147.

<images/fig_01.png, id=6, 96.36pt x 120.45pt>
File: images/fig_01.png Graphic file (type png)
<use images/fig_01.png>
Package pdftex.def Info: images/fig_01.png  used on input line 150.
(pdftex.def)             Requested size: 42.67912pt x 53.34735pt.
LaTeX Font Info:    Font shape `OT1/mdput/m/n' will be
(Font)              scaled to size 19.49565pt on input line 154.
LaTeX Font Info:    Font shape `OT1/mdput/m/n' will be
(Font)              scaled to size 13.53603pt on input line 154.
LaTeX Font Info:    Font shape `OT1/mdput/m/n' will be
(Font)              scaled to size 11.28003pt on input line 154.
LaTeX Font Info:    Font shape `OML/mdput/m/it' will be
(Font)              scaled to size 19.49565pt on input line 154.
LaTeX Font Info:    Font shape `OML/mdput/m/it' will be
(Font)              scaled to size 13.53603pt on input line 154.
LaTeX Font Info:    Font shape `OML/mdput/m/it' will be
(Font)              scaled to size 11.28003pt on input line 154.
LaTeX Font Info:    Font shape `OMS/mdput/m/n' will be
(Font)              scaled to size 19.49565pt on input line 154.
LaTeX Font Info:    Font shape `OMS/mdput/m/n' will be
(Font)              scaled to size 13.53603pt on input line 154.
LaTeX Font Info:    Font shape `OMS/mdput/m/n' will be
(Font)              scaled to size 11.28003pt on input line 154.
LaTeX Font Info:    Font shape `OMX/mdput/m/n' will be
(Font)              scaled to size 19.49565pt on input line 154.
LaTeX Font Info:    Font shape `OMX/mdput/m/n' will be
(Font)              scaled to size 13.53603pt on input line 154.
LaTeX Font Info:    Font shape `OMX/mdput/m/n' will be
(Font)              scaled to size 11.28003pt on input line 154.
LaTeX Font Info:    Font shape `OT1/cmtt/m/n' will be
(Font)              scaled to size 22.19196pt on input line 154.
LaTeX Font Info:    Font shape `OT1/cmtt/m/n' will be
(Font)              scaled to size 15.4081pt on input line 154.
LaTeX Font Info:    Font shape `OT1/cmtt/m/n' will be
(Font)              scaled to size 12.84009pt on input line 154.
LaTeX Font Info:    Font shape `OML/mdput/m/n' will be
(Font)              scaled to size 19.49565pt on input line 154.
LaTeX Font Info:    Font shape `OML/mdput/m/n' will be
(Font)              scaled to size 13.53603pt on input line 154.
LaTeX Font Info:    Font shape `OML/mdput/m/n' will be
(Font)              scaled to size 11.28003pt on input line 154.
LaTeX Font Info:    Font shape `MDA/mdput/m/n' will be
(Font)              scaled to size 19.49565pt on input line 154.
LaTeX Font Info:    Font shape `MDA/mdput/m/n' will be
(Font)              scaled to size 13.53603pt on input line 154.
LaTeX Font Info:    Font shape `MDA/mdput/m/n' will be
(Font)              scaled to size 11.28003pt on input line 154.
LaTeX Font Info:    Font shape `MDB/mdput/m/n' will be
(Font)              scaled to size 19.49565pt on input line 154.
LaTeX Font Info:    Font shape `MDB/mdput/m/n' will be
(Font)              scaled to size 13.53603pt on input line 154.
LaTeX Font Info:    Font shape `MDB/mdput/m/n' will be
(Font)              scaled to size 11.28003pt on input line 154.
Package mdframed Info: mdframed detected package amsthm 
 changed the theorem header of amsthm
(mdframed)              on input line 156.
LaTeX Font Info:    Font shape `T1/mdput/m/n' will be
(Font)              scaled to size 8.46002pt on input line 157.
LaTeX Font Info:    Font shape `T1/mdput/b/n' will be
(Font)              scaled to size 8.46002pt on input line 157.
LaTeX Font Info:    Font shape `T1/pag/b/n' in size <9> not available
(Font)              Font shape `T1/pag/db/n' tried instead on input line 157.
LaTeX Font Info:    Font shape `T1/mdput/m/n' will be
(Font)              scaled to size 11.28003pt on input line 158.
LaTeX Font Info:    Font shape `T1/pag/b/n' in size <12> not available
(Font)              Font shape `T1/pag/db/n' tried instead on input line 158.
LaTeX Font Info:    Font shape `T1/pag/b/fsc' in size <12> not available
(Font)              Font shape `T1/pag/db/n' tried instead on input line 158.
LaTeX Font Info:    Font shape `T1/pag/b/it' in size <9> not available
(Font)              Font shape `T1/pag/db/it' tried instead on input line 160.
LaTeX Font Info:    Font shape `T1/pag/db/it' in size <9> not available
(Font)              Font shape `T1/pag/db/sl' tried instead on input line 160.
LaTeX Font Info:    Font shape `T1/cmtt/bx/it' in size <9> not available
(Font)              Font shape `T1/cmtt/m/it' tried instead on input line 160.
LaTeX Font Info:    Font shape `T1/cmtt/m/it' will be
(Font)              scaled to size 9.63007pt on input line 160.
Package microtype Info: Loading generic protrusion settings for font family
(microtype)             `cmtt' (encoding: T1).
(microtype)             For optimal results, create family-specific settings.
(microtype)             See the microtype manual for details.
LaTeX Font Info:    Font shape `OT1/mdput/m/n' will be
(Font)              scaled to size 8.46002pt on input line 160.
LaTeX Font Info:    Font shape `OT1/mdput/m/n' will be
(Font)              scaled to size 5.64001pt on input line 160.
LaTeX Font Info:    Font shape `OML/mdput/m/it' will be
(Font)              scaled to size 8.46002pt on input line 160.
LaTeX Font Info:    Font shape `OML/mdput/m/it' will be
(Font)              scaled to size 5.64001pt on input line 160.
LaTeX Font Info:    Font shape `OMS/mdput/m/n' will be
(Font)              scaled to size 8.46002pt on input line 160.
LaTeX Font Info:    Font shape `OMS/mdput/m/n' will be
(Font)              scaled to size 5.64001pt on input line 160.
LaTeX Font Info:    Font shape `OMX/mdput/m/n' will be
(Font)              scaled to size 8.46002pt on input line 160.
LaTeX Font Info:    Font shape `OMX/mdput/m/n' will be
(Font)              scaled to size 5.64001pt on input line 160.
LaTeX Font Info:    Font shape `OT1/cmtt/m/n' will be
(Font)              scaled to size 9.63007pt on input line 160.
LaTeX Font Info:    Font shape `OT1/cmtt/m/n' will be
(Font)              scaled to size 6.42004pt on input line 160.
LaTeX Font Info:    Font shape `OML/mdput/m/n' will be
(Font)              scaled to size 8.46002pt on input line 160.
LaTeX Font Info:    Font shape `OML/mdput/m/n' will be
(Font)              scaled to size 5.64001pt on input line 160.
LaTeX Font Info:    Font shape `MDA/mdput/m/n' will be
(Font)              scaled to size 8.46002pt on input line 160.
LaTeX Font Info:    Font shape `MDA/mdput/m/n' will be
(Font)              scaled to size 5.64001pt on input line 160.
LaTeX Font Info:    Font shape `MDB/mdput/m/n' will be
(Font)              scaled to size 8.46002pt on input line 160.
LaTeX Font Info:    Font shape `MDB/mdput/m/n' will be
(Font)              scaled to size 5.64001pt on input line 160.

Underfull \hbox (badness 10000) in paragraph at lines 160--162
[][][]$\T1/cmtt/m/it/9 https : / / makina-[]corpus . com / blog / metier / 2017
 /
 []

LaTeX Font Info:    Font shape `T1/mdput/m/sl' will be
(Font)              scaled to size 9.40002pt on input line 165.
LaTeX Font Info:    Font shape `T1/mdput/b/sl' will be
(Font)              scaled to size 9.40002pt on input line 165.

Underfull \hbox (badness 10000) in paragraph at lines 165--165

 []

Package mdframed Info: mdframed inside a box 
 mdframed uses option nobreak mdframed on input line 166.
LaTeX Font Info:    Font shape `T1/pag/b/fsc' in size <17.28> not available
(Font)              Font shape `T1/pag/db/n' tried instead on input line 184.
Package mdframed Info: mdframed detected package amsthm 
 changed the theorem header of amsthm
(mdframed)              on input line 187.

LaTeX Font Warning: Font shape `T1/pag/m/fsc' undefined
(Font)              using `T1/pag/m/n' instead on input line 190.

LaTeX Font Info:    Font shape `T1/pag/b/fsc' in size <10> not available
(Font)              Font shape `T1/pag/db/n' tried instead on input line 194.
Package mdframed Info: mdframed inside a box 
 mdframed uses option nobreak mdframed on input line 197.
LaTeX Font Info:    Font shape `T1/pag/b/n' in size <10> not available
(Font)              Font shape `T1/pag/db/n' tried instead on input line 228.
LaTeX Font Info:    Font shape `OT1/mdput/m/n' will be
(Font)              scaled to size 7.52002pt on input line 228.
LaTeX Font Info:    Font shape `OML/mdput/m/it' will be
(Font)              scaled to size 7.52002pt on input line 228.
LaTeX Font Info:    Font shape `OMS/mdput/m/n' will be
(Font)              scaled to size 7.52002pt on input line 228.
LaTeX Font Info:    Font shape `OMX/mdput/m/n' will be
(Font)              scaled to size 7.52002pt on input line 228.
LaTeX Font Info:    Font shape `OT1/cmtt/m/n' will be
(Font)              scaled to size 8.56006pt on input line 228.
LaTeX Font Info:    Font shape `OML/mdput/m/n' will be
(Font)              scaled to size 7.52002pt on input line 228.
LaTeX Font Info:    Font shape `MDA/mdput/m/n' will be
(Font)              scaled to size 7.52002pt on input line 228.
LaTeX Font Info:    Font shape `MDB/mdput/m/n' will be
(Font)              scaled to size 7.52002pt on input line 228.
)
<images/fig_02.jpg, id=9, 602.25pt x 903.375pt>
File: images/fig_02.jpg Graphic file (type jpg)
<use images/fig_02.jpg>
Package pdftex.def Info: images/fig_02.jpg  used on input line 56.
(pdftex.def)             Requested size: 71.13188pt x 106.69106pt.
\openout3 = `TD_Classique_02_Iris_PDF.pyg'.

 (_minted-TD_Classique_02_Iris_PDF/default-pyg-prefix.pygstyle)
(_minted-TD_Classique_02_Iris_PDF/default.pygstyle)
(_minted-TD_Classique_02_Iris_PDF/1E913908088C1AF6F92BF6DA0B9A438300AF68FF7B5D4
890475B01A1CD53128B.pygtex
LaTeX Font Info:    Font shape `T1/mdput/m/n' will be
(Font)              scaled to size 7.52002pt on input line 1.
LaTeX Font Info:    Font shape `T1/cmtt/m/n' will be
(Font)              scaled to size 8.56006pt on input line 1.
LaTeX Font Info:    Font shape `T1/cmtt/bx/n' in size <8> not available
(Font)              Font shape `T1/cmtt/m/n' tried instead on input line 2.
LaTeX Font Info:    Font shape `T1/cmtt/m/n' will be
(Font)              scaled to size 8.56006pt on input line 2.
)
\openout3 = `TD_Classique_02_Iris_PDF.pyg'.


(_minted-TD_Classique_02_Iris_PDF/9E66B6A50FBC7780FD0FC9B54EF9EF8500AF68FF7B5D4
890475B01A1CD53128B.pygtex
LaTeX Font Info:    Trying to load font information for TS1+cmtt on input line 
3.

("C:\Program Files\MiKTeX 2.9\tex/latex/base\ts1cmtt.fd"
File: ts1cmtt.fd 2019/12/16 v2.5j Standard LaTeX font definitions
)
Package microtype Info: Loading generic protrusion settings for font family
(microtype)             `cmtt' (encoding: TS1).
(microtype)             For optimal results, create family-specific settings.
(microtype)             See the microtype manual for details.
)
LaTeX Font Info:    Trying to load font information for TS1+mdput on input line
 78.

("C:\Program Files\MiKTeX 2.9\tex/latex/mathdesign/mdput\ts1mdput.fd"
File: ts1mdput.fd 2013/08/29 Fontinst v1.933 font definitions for TS1/mdput.
)
LaTeX Font Info:    Font shape `TS1/mdput/m/n' will be
(Font)              scaled to size 9.40002pt on input line 78.
Package microtype Info: Loading generic protrusion settings for font family
(microtype)             `mdput' (encoding: TS1).
(microtype)             For optimal results, create family-specific settings.
(microtype)             See the microtype manual for details.
LaTeX Font Info:    Font shape `T1/cmtt/m/n' will be
(Font)              scaled to size 10.70007pt on input line 78.
\openout3 = `TD_Classique_02_Iris_PDF.pyg'.

runsystem(pygmentize -l python -f latex -P commandprefix=PYG -F tokenmerge -o _
minted-TD_Classique_02_Iris_PDF/55B746A12B95E2ACAB8EFC8D0988FE8600AF68FF7B5D489
0475B01A1CD53128B.pygtex TD_Classique_02_Iris_PDF.pyg)...executed.


(_minted-TD_Classique_02_Iris_PDF/55B746A12B95E2ACAB8EFC8D0988FE8600AF68FF7B5D4
890475B01A1CD53128B.pygtex
LaTeX Font Info:    Font shape `T1/cmtt/m/it' will be
(Font)              scaled to size 8.56006pt on input line 6.
LaTeX Font Info:    Font shape `T1/mdput/m/sl' will be
(Font)              scaled to size 7.52002pt on input line 7.
LaTeX Font Info:    Font shape `T1/mdput/b/n' will be
(Font)              scaled to size 7.52002pt on input line 7.
 [1

{C:/Users/xpess/AppData/Local/MiKTeX/2.9/pdftex/config/pdftex.map}
design size mismatch in local font md-utbo8t in virtual font mdputbo8t.vf ignor
ed.
design size mismatch in local font md-utro8t in virtual font mdputro8t.vf ignor
ed.
design size mismatch in local font md-utro8t in virtual font mdputro8t.vf ignor
ed. <./images/fig_01.png> <./images/fig_02.jpg>]))
runsystem(del _minted-TD_Classique_02_Iris_PDF\0B0F97AD7993459C42138DE0FE48C011
00AF68FF7B5D4890475B01A1CD53128B.pygtex)...executed.

<../../style/png/logo_lycee.png, id=32, 329.23pt x 265.99374pt>
File: ../../style/png/logo_lycee.png Graphic file (type png)
<use ../../style/png/logo_lycee.png>
Package pdftex.def Info: ../../style/png/logo_lycee.png  used on input line 28.

(pdftex.def)             Requested size: 56.9055pt x 45.97325pt.
LaTeX Font Info:    Font shape `T1/mdput/m/it' will be
(Font)              scaled to size 7.52002pt on input line 28.
LaTeX Font Info:    Font shape `T1/pag/m/it' in size <8> not available
(Font)              Font shape `T1/pag/m/sl' tried instead on input line 28.


Package Fancyhdr Warning: \headheight is too small (12.0pt): 
Make it at least 17.13193pt.
We now make it that large for the rest of the document.
This may cause the page layout to be inconsistent, however.

[2 <../../style/png/logo_lycee.png>]
Package atveryend Info: Empty hook `BeforeClearDocument' on input line 28.
Package atveryend Info: Empty hook `AfterLastShipout' on input line 28.
 (TD_Classique_02_Iris_PDF.aux)
Package atveryend Info: Executing hook `AtVeryEndDocument' on input line 28.
Package atveryend Info: Empty hook `AtEndAfterFileList' on input line 28.


LaTeX Font Warning: Some font shapes were not available, defaults substituted.

runsystem(del TD_Classique_02_Iris_PDF.pyg)...executed.

Package logreq Info: Writing requests to 'TD_Classique_02_Iris_PDF.run.xml'.
\openout1 = `TD_Classique_02_Iris_PDF.run.xml'.

Package atveryend Info: Empty hook `AtVeryVeryEnd' on input line 28.
 ) 
Here is how much of TeX's memory you used:
 39574 strings out of 481165
 788413 string characters out of 2912171
 1647094 words of memory out of 3000000
 54241 multiletter control sequences out of 15000+200000
 720448 words of font info for 274 fonts, out of 3000000 for 9000
 1141 hyphenation exceptions out of 8191
 63i,17n,79p,957b,1943s stack positions out of 5000i,500n,10000p,200000b,50000s
{C:/Program Files/MiKTeX 2.9/fonts/enc/dvips/base/8r.enc}{C:/Program Files/Mi
KTeX 2.9/fonts/enc/dvips/ly1/texnansi.enc} <C:\Users\xpess\AppData\Local\MiKTeX
\2.9\fonts/pk/ljfour/jknappen/ec/dpi642\ectt1000.pk> <C:\Users\xpess\AppData\Lo
cal\MiKTeX\2.9\fonts/pk/ljfour/jknappen/ec/dpi600\tctt0800.pk> <C:\Users\xpess\
AppData\Local\MiKTeX\2.9\fonts/pk/ljfour/jknappen/ec/dpi642\ectt0800.pk> <C:\Us
ers\xpess\AppData\Local\MiKTeX\2.9\fonts/pk/ljfour/jknappen/ec/dpi642\ectt0900.
pk><C:/Program Files/MiKTeX 2.9/fonts/type1/mathdesign/mdput/md-utri7m.pfb><C:/
Program Files/MiKTeX 2.9/fonts/type1/adobe/utopia/putb8a.pfb><C:/Program Files/
MiKTeX 2.9/fonts/type1/adobe/utopia/putb8a.pfb><C:/Program Files/MiKTeX 2.9/fon
ts/type1/adobe/utopia/putr8a.pfb><C:/Program Files/MiKTeX 2.9/fonts/type1/adobe
/utopia/putr8a.pfb><C:/Program Files/MiKTeX 2.9/fonts/type1/urw/avantgar/uagd8a
.pfb><C:/Program Files/MiKTeX 2.9/fonts/type1/urw/avantgar/uagko8a.pfb><C:/Prog
ram Files/MiKTeX 2.9/fonts/type1/urw/zapfding/uzdr.pfb>
Output written on TD_Classique_02_Iris_PDF.pdf (2 pages, 555332 bytes).
PDF statistics:
 188 PDF objects out of 1000 (max. 8388607)
 7 named destinations out of 1000 (max. 500000)
 81972 words of extra memory for PDF output out of 89155 (max. 10000000)

